Using pre-set license
Built from '2022.3/release' branch; Version is '2022.3.0f1 (fb119bb0b476) revision 16454043'; Using compiler version '192829333'; Build Type 'Release'
OS: 'Windows 11  (10.0.22621) 64bit Core' Language: 'en' Physical Memory: 32583 MB
BatchMode: 1, IsHumanControllingUs: 0, StartBugReporterOnCrash: 0, Is64bit: 1, IsPro: 1

COMMAND LINE ARGUMENTS:
C:\Program Files\Unity\Hub\Editor\2022.3.0f1\Editor\Unity.exe
-adb2
-batchMode
-noUpm
-name
AssetImportWorker7
-projectPath
C:/Users/HoneyXP/Documents/GitHub/McKevin/McKevin
-logFile
Logs/AssetImportWorker7.log
-srvPort
53520
Successfully changed project path to: C:/Users/HoneyXP/Documents/GitHub/McKevin/McKevin
C:/Users/HoneyXP/Documents/GitHub/McKevin/McKevin
[UnityMemory] Configuration Parameters - Can be set up in boot.config
    "memorysetup-bucket-allocator-granularity=16"
    "memorysetup-bucket-allocator-bucket-count=8"
    "memorysetup-bucket-allocator-block-size=33554432"
    "memorysetup-bucket-allocator-block-count=8"
    "memorysetup-main-allocator-block-size=16777216"
    "memorysetup-thread-allocator-block-size=16777216"
    "memorysetup-gfx-main-allocator-block-size=16777216"
    "memorysetup-gfx-thread-allocator-block-size=16777216"
    "memorysetup-cache-allocator-block-size=4194304"
    "memorysetup-typetree-allocator-block-size=2097152"
    "memorysetup-profiler-bucket-allocator-granularity=16"
    "memorysetup-profiler-bucket-allocator-bucket-count=8"
    "memorysetup-profiler-bucket-allocator-block-size=33554432"
    "memorysetup-profiler-bucket-allocator-block-count=8"
    "memorysetup-profiler-allocator-block-size=16777216"
    "memorysetup-profiler-editor-allocator-block-size=1048576"
    "memorysetup-temp-allocator-size-main=16777216"
    "memorysetup-job-temp-allocator-block-size=2097152"
    "memorysetup-job-temp-allocator-block-size-background=1048576"
    "memorysetup-job-temp-allocator-reduction-small-platforms=262144"
    "memorysetup-allocator-temp-initial-block-size-main=262144"
    "memorysetup-allocator-temp-initial-block-size-worker=262144"
    "memorysetup-temp-allocator-size-background-worker=32768"
    "memorysetup-temp-allocator-size-job-worker=262144"
    "memorysetup-temp-allocator-size-preload-manager=33554432"
    "memorysetup-temp-allocator-size-nav-mesh-worker=65536"
    "memorysetup-temp-allocator-size-audio-worker=65536"
    "memorysetup-temp-allocator-size-cloud-worker=32768"
    "memorysetup-temp-allocator-size-gi-baking-worker=262144"
    "memorysetup-temp-allocator-size-gfx=262144"
Player connection [66728] Host "[IP] 10.0.0.79 [Port] 0 [Flags] 2 [Guid] 2011022021 [EditorId] 2011022021 [Version] 1048832 [Id] WindowsEditor(7,MSI) [Debug] 1 [PackageName] WindowsEditor [ProjectName] Editor" joined multi-casting on [225.0.0.222:54997]...

Player connection [66728] Host "[IP] 10.0.0.79 [Port] 0 [Flags] 2 [Guid] 2011022021 [EditorId] 2011022021 [Version] 1048832 [Id] WindowsEditor(7,MSI) [Debug] 1 [PackageName] WindowsEditor [ProjectName] Editor" joined alternative multi-casting on [225.0.0.222:34997]...

Refreshing native plugins compatible for Editor in 9.88 ms, found 4 plugins.
Preloading 0 native plugins for Editor in 0.00 ms.
Initialize engine version: 2022.3.0f1 (fb119bb0b476)
[Subsystems] Discovering subsystems at path C:/Program Files/Unity/Hub/Editor/2022.3.0f1/Editor/Data/Resources/UnitySubsystems
[Subsystems] Discovering subsystems at path C:/Users/HoneyXP/Documents/GitHub/McKevin/McKevin/Assets
GfxDevice: creating device client; threaded=0; jobified=0
Direct3D:
    Version:  Direct3D 11.0 [level 11.1]
    Renderer: NVIDIA GeForce RTX 2070 Super (ID=0x1e91)
    Vendor:   NVIDIA
    VRAM:     8003 MB
    Driver:   31.0.15.2892
Initialize mono
Mono path[0] = 'C:/Program Files/Unity/Hub/Editor/2022.3.0f1/Editor/Data/Managed'
Mono path[1] = 'C:/Program Files/Unity/Hub/Editor/2022.3.0f1/Editor/Data/MonoBleedingEdge/lib/mono/unityjit-win32'
Mono config path = 'C:/Program Files/Unity/Hub/Editor/2022.3.0f1/Editor/Data/MonoBleedingEdge/etc'
Using monoOptions --debugger-agent=transport=dt_socket,embedding=1,server=y,suspend=n,address=127.0.0.1:56716
Begin MonoManager ReloadAssembly
Registering precompiled unity dll's ...
Register platform support module: C:/Program Files/Unity/Hub/Editor/2022.3.0f1/Editor/Data/PlaybackEngines/WebGLSupport/UnityEditor.WebGL.Extensions.dll
Register platform support module: C:/Program Files/Unity/Hub/Editor/2022.3.0f1/Editor/Data/PlaybackEngines/WindowsStandaloneSupport/UnityEditor.WindowsStandalone.Extensions.dll
Registered in 0.008676 seconds.
- Loaded All Assemblies, in  0.337 seconds
Native extension for WindowsStandalone target not found
Native extension for WebGL target not found
Mono: successfully reloaded assembly
- Finished resetting the current domain, in  0.282 seconds
Domain Reload Profiling: 617ms
	BeginReloadAssembly (86ms)
		ExecutionOrderSort (0ms)
		DisableScriptedObjects (0ms)
		BackupInstance (0ms)
		ReleaseScriptingObjects (0ms)
		CreateAndSetChildDomain (1ms)
	RebuildCommonClasses (38ms)
	RebuildNativeTypeToScriptingClass (11ms)
	initialDomainReloadingComplete (61ms)
	LoadAllAssembliesAndSetupDomain (140ms)
		LoadAssemblies (83ms)
		RebuildTransferFunctionScriptingTraits (0ms)
		AnalyzeDomain (134ms)
			TypeCache.Refresh (133ms)
				TypeCache.ScanAssembly (122ms)
			ScanForSourceGeneratedMonoScriptInfo (0ms)
			ResolveRequiredComponents (0ms)
	FinalizeReload (282ms)
		ReleaseScriptCaches (0ms)
		RebuildScriptCaches (0ms)
		SetupLoadedEditorAssemblies (220ms)
			LogAssemblyErrors (0ms)
			InitializePlatformSupportModulesInManaged (10ms)
			SetLoadedEditorAssemblies (7ms)
			RefreshPlugins (0ms)
			BeforeProcessingInitializeOnLoad (3ms)
			ProcessInitializeOnLoadAttributes (150ms)
			ProcessInitializeOnLoadMethodAttributes (50ms)
			AfterProcessingInitializeOnLoad (0ms)
			EditorAssembliesLoaded (0ms)
		ExecutionOrderSort2 (0ms)
		AwakeInstancesAfterBackupRestoration (0ms)
========================================================================
Worker process is ready to serve import requests
Begin MonoManager ReloadAssembly
Symbol file LoadedFromMemory doesn't match image C:\Users\HoneyXP\Documents\GitHub\McKevin\McKevin\Library\PackageCache\com.unity.visualscripting@1.8.0\Editor\VisualScripting.Core\Dependencies\YamlDotNet\Unity.VisualScripting.YamlDotNet.dll
Symbol file LoadedFromMemory doesn't match image C:\Users\HoneyXP\Documents\GitHub\McKevin\McKevin\Library\PackageCache\com.unity.visualscripting@1.8.0\Editor\VisualScripting.Core\Dependencies\DotNetZip\Unity.VisualScripting.IonicZip.dll
- Loaded All Assemblies, in  0.842 seconds
Refreshing native plugins compatible for Editor in 4.22 ms, found 4 plugins.
Native extension for WindowsStandalone target not found
Native extension for WebGL target not found
Mono: successfully reloaded assembly
- Finished resetting the current domain, in  0.706 seconds
Domain Reload Profiling: 1545ms
	BeginReloadAssembly (130ms)
		ExecutionOrderSort (0ms)
		DisableScriptedObjects (5ms)
		BackupInstance (0ms)
		ReleaseScriptingObjects (0ms)
		CreateAndSetChildDomain (22ms)
	RebuildCommonClasses (33ms)
	RebuildNativeTypeToScriptingClass (11ms)
	initialDomainReloadingComplete (42ms)
	LoadAllAssembliesAndSetupDomain (624ms)
		LoadAssemblies (328ms)
		RebuildTransferFunctionScriptingTraits (0ms)
		AnalyzeDomain (355ms)
			TypeCache.Refresh (321ms)
				TypeCache.ScanAssembly (309ms)
			ScanForSourceGeneratedMonoScriptInfo (24ms)
			ResolveRequiredComponents (10ms)
	FinalizeReload (707ms)
		ReleaseScriptCaches (0ms)
		RebuildScriptCaches (0ms)
		SetupLoadedEditorAssemblies (531ms)
			LogAssemblyErrors (0ms)
			InitializePlatformSupportModulesInManaged (8ms)
			SetLoadedEditorAssemblies (7ms)
			RefreshPlugins (0ms)
			BeforeProcessingInitializeOnLoad (144ms)
			ProcessInitializeOnLoadAttributes (298ms)
			ProcessInitializeOnLoadMethodAttributes (69ms)
			AfterProcessingInitializeOnLoad (6ms)
			EditorAssembliesLoaded (0ms)
		ExecutionOrderSort2 (0ms)
		AwakeInstancesAfterBackupRestoration (5ms)
Launched and connected shader compiler UnityShaderCompiler.exe after 0.05 seconds
Refreshing native plugins compatible for Editor in 4.56 ms, found 4 plugins.
Preloading 0 native plugins for Editor in 0.00 ms.
Unloading 5384 Unused Serialized files (Serialized files now loaded: 0)
Unloading 85 unused Assets / (2.0 MB). Loaded Objects now: 5828.
Memory consumption went from 211.0 MB to 209.0 MB.
Total: 4.902900 ms (FindLiveObjects: 0.640400 ms CreateObjectMapping: 0.579200 ms MarkObjects: 3.154500 ms  DeleteObjects: 0.527600 ms)

AssetImportParameters requested are different than current active one (requested -> active):
  custom:scripting/monoscript/fileName/IncomingChangesTab.cs: acd9ec783d05ec6acce245777b596983 -> af2f8b65a736cbc2c6197311f8f8caf3
  custom:scripting/monoscript/fileName/FbxAnimCurveKey.cs: c141ab8b79c6f9344aeb40f9e22ff668 -> 9fbd8256730f9061582d48eb9944b171
  custom:scripting/monoscript/fileName/FbxConstraintParent.cs: abe4138940c14669d425a22c6a2f8e80 -> 567cb2edc39ae3219c9b505daf674f7b
  custom:scripting/monoscript/fileName/FbxMatrixTest.cs: df4aa402a938ff97d4b806d0c53f42c6 -> 
  custom:scripting/monoscript/fileName/DiffSelection.cs: 34faf7c86f7e0c9a01162e930679d82f -> 1460aaba4240ef35322cb9c198487990
  custom:scripting/monoscript/fileName/FbxLayerContainerTest.cs: 62137c4597e950038b9e8a5001f39d23 -> 
  custom:scripting/monoscript/fileName/DateFilter.cs: 4084040ac52b6e24ba874651890c5c6e -> 85ed700e21fd471cc38c626cebe01d52
  custom:scripting/monoscript/fileName/FbxShape.cs: 3264c7aeb19311d5448c7a7b4a95033b -> 2a21f02fd9e62c646acad319734f118d
  custom:scripting/monoscript/fileName/AnimationClipsExportTest.cs: 3fe7288fc91fa52b2386e4a063a0a110 -> 
  custom:scripting/monoscript/fileName/HierarchyExportTest.cs: 6553a12c08345d5176a7f7cfb8512487 -> 
  custom:scripting/monoscript/fileName/ConflictResolutionState.cs: efbca4720366cd9fa7e8eb672fe8a6ef -> f57afa30d8024722188e7d7755100885
  custom:scripting/monoscript/fileName/FbxNodeAttribute.cs: 5a1681f8d15065bf3cf77f5e581edbaa -> ad02766235b43e67881cc4772606f552
  custom:scripting/monoscript/fileName/FbxLayerElementTemplateFbxColor.cs: 5bb5f77269426b367ffda740b42477f4 -> 67fe6682d5c4e04a833c363e4d758dc1
  custom:scripting/monoscript/fileName/FindWorkspace.cs: 39bbd18bfe6bf4a99f5c185dcda4dd4a -> 6af6c9e9382fef881c020ab184e6f7f5
  custom:scripting/monoscript/fileName/IncomingChangesNotifier.cs: 0bfcdd9eeb0b298616154e2db5e6905b -> 10fad815611441fb3a805150421ed991
  custom:container-demuxer-ogg: 62fdf1f143b41e24485cea50d1cbac27 -> 
  custom:scripting/monoscript/fileName/FbxManager.cs: 0aa21083d6f9d559cc961235c3b82044 -> 23552d9ea4b9cd586cf62f846c77ccc9
  custom:scripting/monoscript/fileName/FbxNodeTest.cs: 352892c33ef3f9202e8621ee16cd2df0 -> 
  custom:scripting/monoscript/fileName/CloudProjectDownloader.cs: 8d7edf89262999dca1bcae7e0bb4f641 -> 31b90a6896364199c4fe501869dbfbc4
  custom:scripting/monoscript/fileName/CheckinConflictsDialog.cs: d3af1d70d3f60a9847d2942647274222 -> e13fa04a97fb675842c94586fc602871
  custom:scripting/monoscript/fileName/ProgressControlsForDialogs.cs: 6bf8e69ac7dc2163fe988e5d8181ce88 -> 7e6bd1727985204e3b64e1946e589b1c
  custom:scripting/monoscript/fileName/AssetStatusCache.cs: beede06d8a6d93e7907fd192ad653f2b -> 260d5f85663ac58b2a7e9553c453bc3e
  custom:scripting/monoscript/fileName/DrawIncomingChangesOverview.cs: a4a79f67ed34953a547d380624f5cdec -> 6d1aadb525661622ddc7d545c55841f2
  custom:scripting/monoscript/fileName/BuildFormattedHelp.cs: 1e4bfa4fb02634d520d5dd2560076ccb -> f675844664504d88a0d8165e2b08a2bf
  custom:scripting/monoscript/fileName/FbxAnimCurveBase.cs: a128896db3124dbd4c19f9751f479614 -> 9fe9d6e0aecd8db0e60172d04d297415
  custom:scripting/monoscript/fileName/FbxBlendShapeChannel.cs: 78623d5ecb4bd73f74f19e7c1b047ea5 -> 3a215ea3695097f400752aee08963ccf
  custom:scripting/monoscript/fileName/OrganizationPanel.cs: d7ac1288bef1b15a05bb26d201a4d87f -> 57a57e6a345dbd536e91c348b70943a9
  custom:scripting/monoscript/fileName/MigrationProgressRender.cs: 678774a69b52967fc00ca6d9f2c9a31c -> 94a7accb6b5be388f3abff6285d8f1af
  custom:scripting/monoscript/fileName/ChangeCategoryTreeViewItem.cs: 400051372879b2e6583b96a85f5e6b1c -> 0575b62021687a93a7c01ce7b86e9645
  custom:scripting/monoscript/fileName/CurrentUserAdminCheckResponse.cs: cec2f173fe8732108711c497674c6f66 -> d57c2dcace740834acd59fdfbc5023b8
  custom:scripting/monoscript/fileName/UIElementsExtensions.cs: a191d7293be4538b0adb29dfe5b06a46 -> 52e0d612ab032e4d22e9558b90396b99
  custom:scripting/monoscript/fileName/CreateBranchDialog.cs: 73bccc80f552b3875374e3eef069199e -> 9e0e6b5a64d0f65936f3d131216d7e07
  custom:scripting/monoscript/fileName/FbxDouble4x4Test.cs: 3d82063f682239a7ffc9fb5f7d3fd8db -> 
  custom:scripting/monoscript/fileName/FbxLayerElementTemplateFbxSurfaceMaterial.cs: 9d9e0006e6dd09cca510b68f02dd782b -> e1cbaa144cc286681d8503e6027ad7eb
  custom:scripting/monoscript/fileName/FbxPropertyEDecayType.cs: 708b09e61b4e8f6a61b930a6cfe515de -> 52925515d890eaaad1885ac2cab26e28
  custom:scripting/monoscript/fileName/FbxLayerElementUV.cs: 3a8e0888ac033ea7c641d8211b005bb3 -> 3768c80af8f548fba07e2c5faa6364cd
  custom:scripting/monoscript/fileName/ProjectPath.cs: 5634ebdbea8ca94089eb9622d1b60497 -> 2007f972d3a73eeb86dfe05e849c7f69
  custom:scripting/monoscript/fileName/SSOCredentialsDialog.cs: 8967ceae1bc195ea8dd32b23c42dd852 -> e140ede12a96f68f30062138385171c3
  custom:scripting/monoscript/fileName/DrawCreateWorkspaceView.cs: 6422239d8f649480614f0dd4f018b7f2 -> c6039ac84d85ab3926aa94de163a9f7d
  custom:scripting/monoscript/fileName/FbxConstraintRotation.cs: 3f4328842fbc04e4e899373fc998bfc0 -> 3333049bba08581233d423cbcae9458d
  custom:scripting/monoscript/fileName/FbxDocumentInfoTest.cs: 25226e24d6d8655674fcb76d53b7816d -> 
  custom:scripting/monoscript/fileName/PendingChangesTab_Operations.cs: c99065f3c85ec85c85ece2a1a30665af -> 15ae6787065f4af65778e981f418a60b
  custom:scripting/monoscript/fileName/FbxIOBase.cs: 827cabd5f314a308fd5c13d47e2a127d -> b7908a419727520f0eb24140c7edaad4
  custom:scripting/monoscript/fileName/PendingChangesViewPendingChangeMenu.cs: da7f8af7bcb587e4e05898446958d5b9 -> dfa66c8d56a3b164a7407feb2b226d6c
  custom:scripting/monoscript/fileName/SignInPanel.cs: f7e82045994d4eefe3b021faa87b55c6 -> bac0318ce35e37bed3a2cc8137452435
  custom:scripting/monoscript/fileName/DrawInspectorOperations.cs: 61c4a6a6507d8f84ef5bdf5cba3f0aee -> 8c94fe642e98309082411f46db89106b
  custom:scripting/monoscript/fileName/DrawDirectoryResolutionPanel.cs: f98f1fd57bdd1c5a4fd726c1e9932fed -> cf0aec5984468cf0d37b103ac4851e17
  custom:scripting/monoscript/fileName/CloseWindowIfOpened.cs: d820344e932a12600b5fe6fb7e9f1563 -> ce229ef3b7461ff17e2c1af0695a6657
  custom:scripting/monoscript/fileName/SaveAssets.cs: 11deea70336cb98c5d0b6c869323e6ef -> 898e86402580d75dc56c5f25b325a28e
  custom:scripting/monoscript/fileName/RepositoriesListView.cs: 9f95c83dc460fb03fb0916472f14b8a7 -> 95287f65338ca0073ad04002a16eaaf7
  custom:scripting/monoscript/fileName/FbxSkeletonTest.cs: a4d6b21be2ef0b9f04ac4da74b958db9 -> 
  custom:scripting/monoscript/fileName/AssetOperations.cs: 97ca82e12126cab19be075a5a6c981d9 -> 638daf61300bf6ad727538516d4fa3e2
  custom:scripting/monoscript/fileName/HandleMenuItem.cs: 740e54c5f6dca1acc88cad87af74b744 -> b4ad1ecc5243212c5967125ad5e41b1f
  custom:scripting/monoscript/fileName/FbxSkeleton.cs: 61959a2ed2e33a6975c115a0f80d4e65 -> 5f421fe218c2cb9ba0356a7a8279fbcd
  custom:scripting/monoscript/fileName/ScreenResolution.cs: 5c975132cf4e36dcc261bd0acd604271 -> 7bb7bb5b955671820101b322f0a7bf3d
  custom:scripting/monoscript/fileName/ApplicationDataPath.cs: 8e4094e28762fb76a1baecfe90c6b65e -> 3e8c4ea8debfda8013fed860ac233d22
  custom:scripting/monoscript/fileName/FbxLayer.cs: 7e95b9033531316eab182b5df061810f -> 7f5bb0bfd9e60d05e9ff383d46ec8267
  custom:scripting/monoscript/fileName/FbxFileTexture.cs: c3cb027a04e192ac95437732f3ad216d -> 093fe1d8d33acdb09ab59ebb9b725168
  custom:video-decoder-ogg-theora: a1e56fd34408186e4bbccfd4996cb3dc -> 
  custom:scripting/monoscript/fileName/FbxConstraintTest.cs: ec748b7dabad0359062c252a95346cf3 -> 
  custom:scripting/monoscript/fileName/RepaintInspector.cs: 65202bdc05e3e19fadffb7fd99f30154 -> f134606300316994850c28a68d0cb5a3
  custom:scripting/monoscript/fileName/LockStatusCache.cs: a46de02bb83a4164f7dfb85aa10d6624 -> 269228dd067bbedc3c05baa15189195c
  custom:scripting/monoscript/fileName/DiffTreeView.cs: 68195907d129ef826aa6b6df7202696d -> 49f46fd2a65ea674a218eead75f27aac
  custom:scripting/monoscript/fileName/DependenciesDialog.cs: 82d30fc8d5e1a73ec0d1ee9acc00fbc2 -> c8902186ab2f4e6471b5dd147afb01b6
  custom:scripting/monoscript/fileName/FbxScene.cs: 17c22b915944547945a7db2a13fee57a -> 71ae3ce294fa1135cc2c4e9db34b0d1f
  custom:scripting/monoscript/fileName/ChangesetListViewItem.cs: 95a197949f1e777703db60eea8cc21b3 -> d742a4910e302777daa1ccb9c8e92cb9
  custom:scripting/monoscript/fileName/VisibilityExportTest.cs: b9394c918bb12aa53a8fdbbb8e451b72 -> 
  custom:scripting/monoscript/fileName/IncomingChangesViewMenu.cs: 1c61bc86fe003c2f3897950266cbb66f -> c4d5b523d1f73ac4ebcbb338088b1600
  custom:scripting/monoscript/fileName/FbxBindingTableEntry.cs: bf200e19db6dfd00b3856504a2848fce -> 605bd69e9b5692d5effddbfc32526f7b
  custom:scripting/monoscript/fileName/QueryVisualElementsExtensions.cs: 75ea535788abf9c38ba9341c984a6241 -> a49740b6efbb934f55475cc70b864a4c
  custom:scripting/monoscript/fileName/FbxDocumentTest.cs: 91e3d1db8dbdaa7cb1aeae6befb9a33b -> 
  custom:scripting/monoscript/fileName/WriteLogConfiguration.cs: 1a8401f47b522f631a3dc005105719f5 -> 1589212d1638ae91a029ea3ddf9999f2
  custom:scripting/monoscript/fileName/DrawTextBlockWithEndLink.cs: d447e809d154b60a192c102b7b82eecf -> 1cc3e67c46bd397f9508f124a3366994
  custom:scripting/monoscript/fileName/FileSystemOperation.cs: c31a686e69e66801c204a11be56c950a -> f0ccbe91654279794a85bf6f1c034716
  custom:scripting/monoscript/fileName/MigrateCollabProject.cs: af93695e471d9c8e4ad014c4165f2c3c -> 9f3487f03a783b35518405572f20ac9e
  custom:framework-win-MediaFoundation: 216162199b28c13a410421893ffa2e32 -> 
  custom:scripting/monoscript/fileName/ProgressControlsForViews.cs: 7d677c6df38ab15cf390062b5b0bb854 -> a8a18a90f46aa63848e1e45d8d7ff9af
  custom:scripting/monoscript/fileName/DrawAssetOverlay.cs: 8ccd7cea9aa918859be0b55818cb990b -> 04a46044def089f0abcdafdd281e3646
  custom:scripting/monoscript/fileName/FbxDouble2Test.cs: b2a310b31d258f328fa26ede83632e39 -> 
  custom:scripting/monoscript/fileName/FbxPropertyEWrapMode.cs: e60fa1e7cc1695ade4ed22a0cdcaadbf -> 27e00afb727c68841210366fd4f5c513
  custom:scripting/monoscript/fileName/ProjectWindow.cs: 953e9bbd852a9f12f91349161baa793e -> c62567a3d71fd74636bc783de5162474
  custom:scripting/monoscript/fileName/MergeLinksListView.cs: 826afb5fb5988163105086b4bf5027af -> c9488671ae9b14523680d0c19097baa0
  custom:scripting/monoscript/fileName/FbxBlendShape.cs: 067bcbe4729ee72467ceffa486aee097 -> a98858c64d72c6e061f0cb0d29151c84
  custom:scripting/monoscript/fileName/FbxGlobalSettingsTest.cs: 245c49b9e8429f3ed45aaa23fdc88284 -> 
  custom:scripting/monoscript/fileName/FbxAnimLayerTest.cs: a6b183308e589d599076f3e76ea36757 -> 
  custom:scripting/monoscript/fileName/FbxPropertyFlags.cs: 0d868a91a41b7a83e774d8a99b866b34 -> 31b311a0ff82ed3ccc169e76c482eff1
  custom:scripting/monoscript/fileName/EditorProgressBar.cs: 7418be9b22aaea32732f8a5f49569d1c -> 08c2f2b90ef64df631d46389f0e22c8e
  custom:scripting/monoscript/fileName/MeasureMaxWidth.cs: cd9322680ae61d38397008451b7ed0ed -> 1569e3f1dad91a9b01cba66ab6aa30b0
  custom:scripting/monoscript/fileName/FbxTimeSpan.cs: 0c3ba76abda674a71fdcfffc3c11fce0 -> 5d2607b0cda668430aeb31b79ceef216
  custom:scripting/monoscript/fileName/FbxSubDeformerTest.cs: 3bd6e249136ffc4b748ee14789d029bf -> 
  custom:scripting/monoscript/fileName/ChangesetsListHeaderState.cs: 69fc4f1a2bc3782d7043ec48961a3616 -> fe1392f9b135da83e13fe8a5e5f39fc2
  custom:scripting/monoscript/fileName/FbxSkinTest.cs: ecc1f71e654916600fdad8da7add75f8 -> 
  custom:scripting/monoscript/fileName/PendingChangesTreeHeaderState.cs: 7d278b5569d28437d07554a3bbb56e1b -> 5d7f70d142c9ac67864ec14950523d62
  custom:scripting/monoscript/fileName/FbxSurfaceMaterialTest.cs: b3cf2a5e3c673e247b11e20912ade007 -> 
  custom:scripting/monoscript/fileName/FbxLayerElementTangent.cs: dd4f582bd0cc1385543b1287961fafd7 -> 2b2abf74c10dcaf3633f4d98533e4487
  custom:scripting/monoscript/fileName/MissingEncryptionPasswordPromptHandler.cs: 7f5831fc8a41e9cadd84fcfd0e885072 -> 5d7b9646eb14a39b6d3d5bab19d266ff
  custom:scripting/monoscript/fileName/NotificationBar.cs: e0f12e3f3292fff5a590c00b59f3a17a -> 0daf459fa0c4269b16bcc20cd072c021
  custom:scripting/monoscript/fileName/UnityThreadWaiter.cs: dbd556f2802baab90a20da38c288d36c -> 99333406d92d10003984b4d1920de2f9
  custom:scripting/monoscript/fileName/ChangelistMenu.cs: ca33bac56b3a337faa90a1b1bba632d6 -> c1bf5aeb760cc5eae584ea3944d6531b
  custom:scripting/monoscript/fileName/CredentialsDialog.cs: 179b5e49656a1623c2e79d838f0f5876 -> c785d5e40f8d66b7ef7ba04ee7c324e0
  custom:scripting/monoscript/fileName/DisposeTester.cs: 2034b3ba84f3f243a3b96852477e8720 -> 
  custom:scripting/monoscript/fileName/GetRestorePathDialog.cs: e21eb9983f0b989125951478cd5e9b35 -> 353d1126ca2d2063d5bdbd06806ffc08
  custom:scripting/monoscript/fileName/FbxSurfacePhong.cs: c6dd5bc8ee23bc3a1b69d8e15c4b85a1 -> 813b21c1960d4edd5c5f62353114802e
  custom:scripting/monoscript/fileName/UpdateReportListHeaderState.cs: 64a5bf775d221ad9a5ff8c78a1e0e1fa -> d6cbe54be2898ed2c96c2e79572c2e08
  custom:scripting/monoscript/fileName/DownloadAndInstallOperation.cs: b043b8d5921892e87f4566e00162cff6 -> 4f4065aeafda2af0ec272a3c228e27b2
  custom:scripting/monoscript/fileName/MigrationDialog.cs: 6f54298c40ebad035075535ded194b8e -> 1a69d399f9c8aa816a053d285dd8bc5d
  custom:scripting/monoscript/fileName/FbxNurbsCurveTest.cs: f27706452422ad18b32cb41a7b7d6138 -> 
  custom:scripting/monoscript/fileName/DiffTreeViewMenu.cs: 3e62bfc69ca7486976988e151b88922e -> 8039fc4ecf68b3e966e1f4822789e7fa
  custom:scripting/monoscript/fileName/FbxBlendShapeTest.cs: 2aac7caa4937623ccbcaeee32f02c988 -> 
  custom:scripting/monoscript/fileName/UnityStyles.cs: bcf65fb687af3f53a0267e785c2e095d -> e3f6ca40bb9f9c0fdc9402be5329fc1c
  custom:scripting/monoscript/fileName/TransformExportTest.cs: fb9c43916ca0e19fec05a318d0c0583a -> 
  custom:scripting/monoscript/fileName/HistoryTab.cs: 4d086984813cd90d6be245dd8e03a2ba -> d57f000c65fde42a2228c7a105a836e5
  custom:scripting/monoscript/fileName/FbxClusterTest.cs: 082300e786d873aced28815604e2a509 -> 
  custom:scripting/monoscript/fileName/HistorySelection.cs: 7c3afcf345a55e8b77ea41ca0f570218 -> 3d07a3d1241e204b5420d71f1137eba4
  custom:scripting/monoscript/fileName/ShowWindow.cs: c731454122754eec192bc3c53fac3d95 -> a6bb1d20733c178256b38974418d7450
  custom:scripting/monoscript/fileName/CreateRepositoryDialog.cs: 1e1c5399cf3d0b071c7982c565a710ce -> 5cec3e66b09e0dbe1f805953c5c64af9
  custom:scripting/monoscript/fileName/FbxMeshTest.cs: 0a7fafcc7b43b34865923ce88ef834b7 -> 
  custom:scripting/monoscript/fileName/ProgressControlsForMigration.cs: 349ee2f6ed8020f22464402be47faea4 -> dafc8442bdd0dcb5e871e398f32473ec
  custom:scripting/monoscript/fileName/RenameBranchDialog.cs: 4e8cba56a673b7adf6b1f70db522f07c -> a4999d46054383b4cef03a3dac804cd0
  custom:scripting/monoscript/fileName/EncryptionConfigurationDialog.cs: 6423045767c07e6360ff314ec741c601 -> 19e9c54aff6ffc68d60fe11f80578947
  custom:scripting/monoscript/fileName/CheckinProgress.cs: 298ac58365579798eb3b4defc181ccaf -> 75b93dbc5ef307111f0647f735640420
  custom:scripting/monoscript/fileName/FbxLayerContainer.cs: e8d2c4880b778232ffeac9f76d2da87e -> b8551e2966ce622b87cc1c0d7efe8675
  custom:scripting/monoscript/fileName/FbxSurfaceLambert.cs: 121296b4ffbf222ede331efca86f96c3 -> 913f4d72375b7f7e78565ef67e10c9da
  custom:scripting/monoscript/fileName/PendingChangesSelection.cs: 766664749a54eea9ecce5dff917430ef -> 1721ad72d074757364587c71b49d9382
  custom:scripting/monoscript/fileName/FbxLayerElementArrayTemplateFbxSurfaceMaterial.cs: 8fef86dd589da7e33262f33cd7e751c3 -> 21e550ba2ba7280355bc56f25c8e734e
  custom:scripting/monoscript/fileName/FbxDocument.cs: 453f863d1948c5d7b9d5b3e23ea8673d -> 0550a92e67733c3dc5a87f70d596a44e
  custom:scripting/monoscript/fileName/FbxPropertyELightType.cs: b12965f4bafc1aea22177ed9df85ca0b -> 4ac91b0f1a9bbd09fc595f357b2c3c6f
  custom:scripting/monoscript/fileName/LoadAsset.cs: 9042eb334fc462cf466672445be1d4c2 -> 5e4e082aa5b21c13b80eb237fe94d00b
  custom:scripting/monoscript/fileName/Images.cs: 0b0c14141950fed99e3ef33199b3b4c9 -> fbdd1e600315d249327f3effde045c9d
  custom:scripting/monoscript/fileName/FbxQuaternion.cs: 5db1a673aa9445635e0014e3723edda3 -> 50f937e4494a3493328884eacd695857
  custom:scripting/monoscript/fileName/DrawProgressForOperations.cs: ea9179848be98ee7719316b39339ef29 -> b544f18e6532ba53bbd1b691fa5cd571
  custom:scripting/monoscript/fileName/FbxNullTest.cs: e45b52720ae11aa151bb7244f14ee7a7 -> 
  custom:scripting/monoscript/fileName/FbxAMatrix.cs: 06c3d5f3027c51ffbe5c42c782cde310 -> ceeb6eba84b583e8ed408cffdde01580
  custom:scripting/monoscript/fileName/FbxBindingTable.cs: b701d34bade9e4d572d49825f0815e0d -> 740dc5c493e5cc9529c43633fb8185b3
  custom:scripting/monoscript/fileName/ViewSwitcher.cs: af4cfa015a44a1390a6513bac2b176c3 -> 1700c042de8c16a5c0f6851d66df802a
  custom:scripting/monoscript/fileName/RepositoryListViewItem.cs: 2f16ba7694ec7934685021093e722c4e -> 3cabcd81911a2500dcd9e2b6ffae3f00
  custom:scripting/monoscript/fileName/InspectorAssetSelection.cs: 71ba78e42827a9b22a9a6016733d756f -> 4b3c1ae4c44d88205aef26229acfe022
  custom:scripting/monoscript/fileName/IncomingChangesTreeHeaderState.cs: 4bc13fab96eb0f182b96527f84dcd7f7 -> bbc50b5c00a8c3144702cee665e61374
  custom:scripting/monoscript/fileName/FbxStatus.cs: 4a04a6e5daeead0887b47a5c56f2fda8 -> e0f858a177f1c1fb39ef05202160624e
  custom:scripting/monoscript/fileName/WorkspaceOperationsMonitor.cs: 3aaab60832000a68ac1ea7432c36aabe -> 9241430734576b6454278a078113af4a
  custom:scripting/monoscript/fileName/FbxMesh.cs: d33bb7ef4a240a8673c3590a77737c49 -> acc21884ec9f91bbf3a8d1f8e7820800
  custom:scripting/monoscript/fileName/MacOSConfigWorkaround.cs: 8634a542fc5c45ea8cd9a8244bf2c871 -> 9fe61e763da506601651f6c451cecb0a
  custom:scripting/monoscript/fileName/IncomingChangesSelection.cs: f44c3722e3ee3bc46292d48d8d666562 -> eed38c75772f626c4d4a8e134774df1d
  custom:scripting/monoscript/fileName/Globals.cs: 14a0102ea9f40837369117424c5a5f4a -> be110017fafd9c73fa3c7cb5418284c9
  custom:scripting/monoscript/fileName/FbxBindingTableTest.cs: 2b6920bf1bf3a27b9e4b76d1c9cb53a6 -> 
  custom:scripting/monoscript/fileName/PlasticProjectSettingsProvider.cs: d1569be2ffeb76df9ade3ae9cd0a4e36 -> 8c1b35961a2f11b3260e58163808ae41
  custom:scripting/monoscript/fileName/AssetMenuItems.cs: 64aa50dcc3bfcf35201c6730dc62acc3 -> 9ce81cedb8e568c6b7b646aa6263645b
  custom:scripting/monoscript/fileName/ToolConstants.cs: a088b027c7b0922429c756f12b0507ea -> 3b0d2490617bc7f94a0bdab65a399e1d
  custom:scripting/monoscript/fileName/FbxConstraint.cs: 0b91b113fdf92eefde572c305037b08e -> bef035e770af75152f9736986a060ae9
  custom:scripting/monoscript/fileName/TestBase.cs: 90647cc400823b41df847a6cbfc29026 -> 
  custom:scripting/monoscript/fileName/FbxAnimCurveTest.cs: 77e8374f0c3a363c56903be3a532294f -> 
  custom:scripting/monoscript/fileName/GetSelectedPaths.cs: 02423a81496d6c63598b5cdc203f4354 -> be35dd49dddd53fc840b9febf21b4d0d
  custom:scripting/monoscript/fileName/FbxIOFileHeaderInfoTest.cs: c83cf60102dae6934b6599f8efca2175 -> 
  custom:scripting/monoscript/fileName/TokenExchangeResponse.cs: 0dd9138dbeab6f132711a5b608de5c13 -> f20183d4cf939766d3c1e15cc3bec2e3
  custom:scripting/monoscript/fileName/ChangesetsTab_Operations.cs: eca44847b108faefa69f8c525242c965 -> 3290c4c0cd248666e01a08ee6d621249
  custom:scripting/monoscript/fileName/OverlayRect.cs: 61f473b5a4768fa31a00fafe3b1b5b69 -> 59d6887e4803f8a44ffaa0409470e410
  custom:scripting/monoscript/fileName/ConfigurePartialWorkspace.cs: 309d4276b0164b05348aedbd51cc0b2f -> 10fcc6b6d43dd5ed36c43c6f7b5906c4
  custom:scripting/monoscript/fileName/ValidRepositoryName.cs: 43c262be3f66a970816e3d3a3ee8872a -> 56bcf92a3678f6ad6215cae2e4914cfd
  custom:scripting/monoscript/fileName/NativeMethods.cs: a7228a9808b87e05301c87b074d51864 -> 3feaaf1e162570d34e42584823c3cd96
  custom:scripting/monoscript/fileName/FbxAxisSystem.cs: 0ddaef7d91e680b830e6fa2a06788573 -> 3ba61d9c458d48f1830eeaf919a573ab
  custom:scripting/monoscript/fileName/FbxNodeAttributeTest.cs: a4d2bf404f2d4b6e6736aae486a50284 -> 
  custom:container-demuxer-webm: 4f35f7cbe854078d1ac9338744f61a02 -> 
  custom:scripting/monoscript/fileName/GetPlasticShortcut.cs: 2a84c035152261f00e7e66eb44cd0ffa -> 5c2b7bf07ddd2284efc64b09ef0f1f72
  custom:scripting/monoscript/fileName/FbxAnimCurveNodeTest.cs: bb75af5837f449f9ca6d1180db248ea3 -> 
  custom:scripting/monoscript/fileName/FbxCluster.cs: 4eb3b42c6fb9e2015e6f1bb1e3a9c44b -> da8abc8a471c252ab20f37672a71294e
  custom:scripting/monoscript/fileName/GuiEnabled.cs: 1b1658fd7715b5cc664c10a130c6b629 -> 7bb13fcc8d8cbd392e00f7232841f086
  custom:scripting/monoscript/fileName/BuildPathDictionary.cs: 943911b84162d26cea47f964f9a0a399 -> 9fabc7cc73fcfc50b8a3307c6aa6ec4d
  custom:scripting/monoscript/fileName/FindEditorWindow.cs: 2bb64182aef631315344623cf583c78a -> 8c3c78bb7e82ac5008f8a2b8a0d68cff
  custom:scripting/monoscript/fileName/DrawProgressForViews.cs: c153245b67af73b7ee03f693a1127796 -> 068a172cb549ad77d9873d721698bd0d
  custom:scripting/monoscript/fileName/FbxLayerElementBinormal.cs: b2d3e87023d40f9bb6a2fbbd46edd327 -> 79b92f8d75f3392867b4e08b0bc010bc
  custom:scripting/monoscript/fileName/FbxPropertyEGateFit.cs: 09c018b8a2ad7500017a253103ea5adf -> d574bcd3d387155bb8ad22d046aba357
  custom:scripting/monoscript/fileName/UpdateReportDialog.cs: 706e7e86547c339cdb3a4462e3f7a54d -> 087837d8f73228f1a817d0de82c77260
  custom:scripting/monoscript/fileName/FbxLayerElementMaterial.cs: 3b4da179a2d7c8f02a05b86971b62d05 -> 8c9dc6eccc3eb760e041679d54fb684e
  custom:scripting/monoscript/fileName/HistoryListView.cs: 527da2d093462f1c4a278d6957e7d5ac -> 7b2d1d2c12ab43d9d244e35197127919
  custom:scripting/monoscript/fileName/ChangeTreeViewItem.cs: 6d2565e36ea9929ef72645328255933b -> 44dc318377de644a2594da095dc52ebc
  custom:scripting/monoscript/fileName/DownloadPlasticExeWindow.cs: efeaeea015c6914e3cfc19452c9ec49c -> 2cf8d71648f8d0a7527ca76d9f6b13ef
  custom:scripting/monoscript/fileName/BringWindowToFront.cs: 88b20f2a2881db6a013f54923d68cdee -> a30c7c1ba746c6d277a5aedd3057d15e
  custom:scripting/monoscript/fileName/FbxIOSettingsTest.cs: b2b7b6a1de48e37064e01a3ef4078cbf -> 
  custom:scripting/monoscript/fileName/LaunchCheckinConflictsDialog.cs: 4417eba1591eccb2221bfdce0106c1e0 -> e2c1e3f8f4e14a62e4363fe6259adbc2
  custom:scripting/monoscript/fileName/FbxManagerTest.cs: 6769ccf60ca2f18e4d059b4df0e22fc3 -> 
  custom:scripting/monoscript/fileName/FbxDocumentInfo.cs: 88f93b1eead5ef6a7bb4fcfd1d10af7b -> 863cb0899b508f7826edd27548c99530
  custom:scripting/monoscript/fileName/ParseArguments.cs: 5e3fed6af96fddae791a249dfc3a3c29 -> 493281f833eecc199fde41c0641a9e3e
  custom:scripting/monoscript/fileName/FbxSkin.cs: 30d21c175b1a3cb08777fad074565064 -> 72472130cbf13c197e5a2956817d0bbe
  custom:scripting/monoscript/fileName/FbxConstraintAim.cs: 4ab8768b889af285cc565b85f1ca1c9c -> 8042fd5ecfe9611849c3efd3eae14f36
  custom:scripting/monoscript/fileName/WaitingSignInPanel.cs: 247680fcfc6a176b9fa28a3df600a754 -> 7585e1c7111b6b900784e6d1c9454258
  custom:scripting/monoscript/fileName/FbxLayerElementArrayTemplateFbxVector4.cs: a04341ce9abb707e31454fa45bee9050 -> abba7e9bde8ed41768aeb11419eadebe
  custom:scripting/monoscript/fileName/FbxGeometryBaseTest.cs: 99bb7edf96eb969097b7fa4c7da06962 -> 
  custom:scripting/monoscript/fileName/TestingHelpData.cs: e9fb5aa3a4e89e7c8310c391dd25462d -> 0d1f98ae9b6fa0253523889fad413adb
  custom:scripting/monoscript/fileName/OperationProgressData.cs: 0db72349eeecbe9449a517b1d79cc760 -> 15f68712baaea535af36d9e0333c0a6e
  custom:scripting/monoscript/fileName/FbxImporter.cs: d72f972d200f3a854571702cb0e78263 -> c3c30d73aea4c9486679b1cb2c42fcc9
  custom:scripting/monoscript/fileName/FbxCollectionTest.cs: 050273722980d4c35d92e31e9aa9cb85 -> 
  custom:scripting/monoscript/fileName/LightExportTest.cs: a8982d13b6e10b9263381625ec7e7f88 -> 
  custom:scripting/monoscript/fileName/BuildTest.cs: e29e37f723227d44c1b99fe20bebc39b -> 
  custom:scripting/monoscript/fileName/FbxAnimCurveDef.cs: 6e896613b8a3d82217ec6102ce3d4019 -> 740d8ae75b4a6076bf9e3e485b5b77f1
  custom:scripting/monoscript/fileName/RepositoriesListHeaderState.cs: c0353a1af15ae4fd3d5a2a3cac816423 -> fb71b961ab7c924511a6b0e8680b60ee
  custom:scripting/monoscript/fileName/FbxLightTest.cs: b436fa4d6d4dce0da017754c9d28ff8e -> 
  custom:scripting/monoscript/fileName/FbxAnimCurve.cs: 5b4b621f684032dda32be659653e7739 -> 1c6d4e7669f1bc6ab32b5099f00d5d1f
  custom:scripting/monoscript/fileName/ClientDiffTreeViewItem.cs: 56be9d3aa410e770e75de2d8b93be89d -> 43bdd7aa5bf1aa039a5b572c119c38d0
  custom:scripting/monoscript/fileName/CreateWorkspaceView.cs: aa0e184cbde6753a93add2113104cf62 -> cbf3c69f5881e5d607955d2a7373572a
  custom:scripting/monoscript/fileName/CommandLineArguments.cs: 729a56f1ee4dca091d3c309153f2cd7c -> 981554f7f29e23f33bce9c4159a9450e
  custom:scripting/monoscript/fileName/FbxObjectTest.cs: 2d9b9f74574ad477bf911b0e9484c5bc -> 
  custom:scripting/monoscript/fileName/ParentWindow.cs: 2476d8a6ba9c3055f984ac9792cae61a -> d6aa079e592e01701c5baa3ab98898bc
  custom:scripting/monoscript/fileName/CustomPropertiesExportTest.cs: 520fdf11ca7df8721c7f78e6800ce66c -> 
  custom:scripting/monoscript/fileName/FbxAnimCurveNode.cs: 26d5e27e8b036ba44eba8fd2756504aa -> 045cd34a26302a4340887f5c3df9fa56
  custom:scripting/monoscript/fileName/SignInWithEmailPanel.cs: a5823728eb62cf6dbd8c933c1cb26f53 -> 6e8957c0ed7609303e68389067e72d72
  custom:scripting/monoscript/fileName/LaunchInstaller.cs: f9b7c99441bc32980ce9b95be066824b -> b75efdf5909b501e06cacd9c66f75981
  custom:scripting/monoscript/fileName/AvatarImages.cs: ea6dca998cf0ec5122553a9e010ef687 -> 3aa8c25a350843151ec4070c820c411a
  custom:scripting/monoscript/fileName/AnimatedConstraintExportTest.cs: 4be41c256267448db8b7b01b3cfbbf12 -> 
  custom:scripting/monoscript/fileName/DrawHelpPanel.cs: c174bf3ce061cdd01d1a43fbc0fc1196 -> 58c832ce9ea1a11e2724de5dd46ca0cb
  custom:scripting/monoscript/fileName/DrawUserIcon.cs: 2f65feb9bed897237f97fbf9c5479092 -> 7d5385bf780ae84e648a8b49f8fe0825
  custom:scripting/monoscript/fileName/FbxSceneTest.cs: 9a2c345e4605e084c3e731409ee638bd -> 
  custom:scripting/monoscript/fileName/AssetStatus.cs: b9ea657347f2c22e8e401cdb256c516c -> e017010009bdb28bcb0d7d8ef05e7dd9
  custom:scripting/monoscript/fileName/BranchesListView.cs: 334a3fb302f855f71fb71520fb442a71 -> 3f5ed9fe5a1bca512014ae1600ee1666
  custom:scripting/monoscript/fileName/DrawGuiModeSwitcher.cs: 363adc150c5f1c5059a678f179906090 -> d3be34a3134d3fe80ef6b14d0d519128
  custom:scripting/monoscript/fileName/FbxQuaternionTest.cs: a9a8250d14f35b92d555071af4c999c5 -> 
  custom:scripting/monoscript/fileName/FbxNull.cs: 224f8b191d68fceccb7b4c923c060b60 -> 36aaf400046069e6292d17219d1c069c
  custom:scripting/monoscript/fileName/RoundTripTestBase.cs: af19f34f11f6646e11b055fd2c7d4184 -> 
  custom:scripting/monoscript/fileName/UnityMenuItem.cs: 5f445176ad3735e69769d93250663be7 -> 73f3c859f1b5092ad362c09e23b3a922
  custom:scripting/monoscript/fileName/WebRestApiClient.cs: 6424f240d88db97dc270e63cc904f0e3 -> f22d79858ba8f66f3182a7150707169f
  custom:scripting/monoscript/fileName/FbxEntryView.cs: da267a9a4712371402c0c968a8a73905 -> dda744d71a7635018a7cc355b067f8de
  custom:scripting/monoscript/fileName/FbxTextureTest.cs: b9d5f63d487e8f9b88f9854bd75942c6 -> 
  custom:scripting/monoscript/fileName/EmptyExportTest.cs: 8a00f2c49110f6ac40c4fd0a63d877b9 -> 
  custom:scripting/monoscript/fileName/IncomingChangesTreeView.cs: 9385033415817005d171b935a17532b7 -> 40644aa022c4bbfe306cd8de59a1bae6
  custom:scripting/monoscript/fileName/GenericProgress.cs: 11287c7d038c487f32d0c8edc476a32d -> 8492ec26f01fc248d3eb3c2f5b3b6c0f
  custom:scripting/monoscript/fileName/FbxImplementation.cs: b7f6fa4f7ee3218c9765694756e83876 -> 7b47a353c3978648ba37a31403bb9735
  custom:scripting/monoscript/fileName/MergeCategoryTreeViewItem.cs: c1ecd9dc0cd73eb7eb129994dedc1a91 -> 6bd59fcbfeafe06987a54631991d755b
  custom:scripting/monoscript/fileName/FbxMarkerTest.cs: 2654c418a83e84fdc89385fdefa92778 -> 
  custom:scripting/monoscript/fileName/FbxBlendShapeChannelTest.cs: cab53b30d51cf43d07f4b8895742f81e -> 
  custom:scripting/monoscript/fileName/FbxColorTest.cs: 3b6218e48739a28ce80e2e786dc47a05 -> 
  custom:scripting/monoscript/fileName/FbxLayerElementTemplateFbxVector4.cs: ef39d4015db799b5670f83df283a0c97 -> 33022fe870edf908b370d76dc35c9c8f
  custom:scripting/monoscript/fileName/CheckinDialog.cs: 1709b78fae1329cc05fd4f39334b25f5 -> 702fdb8d0a3b4bfcb9ba109e71325cad
  custom:scripting/monoscript/fileName/FbxPropertyEBlendMode.cs: 468cc1af7e3ab440f48b6e0d293e5553 -> b3f5b36afebc764d62687b9487a92855
  custom:scripting/monoscript/fileName/SortOrderComparer.cs: 8f6297df34271fdb1ce2d9607ec6261d -> 90647cc400823b41df847a6cbfc29026
  custom:scripting/monoscript/fileName/GUIActionRunner.cs: 69af7de0762ed6d085feb4cc4b5101b3 -> 4a0608de635b0d82868d57923d68eff7
  custom:scripting/monoscript/fileName/PlasticMenuItem.cs: 07a9318d8d82a152df4ec33acd1befdd -> 30c3a785b4c2607e2ae9aad693d5f604
  custom:scripting/monoscript/fileName/PendingChangesTreeView.cs: f3722f38014385705913f17dbe0f90c1 -> 17142d220a0a50a3f3d184c4718a0da7
  custom:scripting/monoscript/fileName/VCSPlugin.cs: e4ec197b273413c2276be270d94be16d -> 69c1b7249af35f35848ae707bd5e7113
  custom:scripting/monoscript/fileName/GetClientDiffInfos.cs: 4ae14b15e2cf5177a84735548a44cdc9 -> f8db8e637ded2d5e935a953a13b85ebe
  custom:scripting/monoscript/fileName/ErrorListViewItem.cs: 732dcd63546c04257b33a0917d21b2ae -> 8d377b020cd4efc9739abf6e8e730437
  custom:container-muxer-webm: aa71ff27fc2769a1b78a27578f13a17b -> 
  custom:scripting/monoscript/fileName/EditorProgressControls.cs: b1f133fa38afd918d537a72574fc93a0 -> 2e606eb01a6e6a567f3de9a0379ed3ae
  custom:scripting/monoscript/fileName/FbxCollection.cs: 616972d2a4d6f60671af1fd4cfc95275 -> a7719a3c7d0f9755fa5160248c6f774d
  custom:scripting/monoscript/fileName/BranchesListHeaderState.cs: d47f1164fa7093137db851c4c16ffba3 -> 82eab21603f4efc696334ee80641c2c9
  custom:scripting/monoscript/fileName/DrawSearchField.cs: b11b864a92c7d76f85d4ec87d6faf61c -> 3de70beba9f4447205d50241d95b066a
  custom:scripting/monoscript/fileName/PendingChangesTab.cs: c99065f3c85ec85c85ece2a1a30665af -> 15ae6787065f4af65778e981f418a60b
  custom:scripting/monoscript/fileName/FbxLayerTest.cs: 10cda9935f1aa1142a5d24c6be6059ef -> 
  custom:scripting/monoscript/fileName/HelpPanel.cs: 332d4928343b8eabbba674e47af0c489 -> 625fbcc6029d5fe5cf4aa833f68adb0c
  custom:video-decoder-webm-vp8: 9c59270c3fd7afecdb556c50c9e8de78 -> 
  custom:scripting/monoscript/fileName/WelcomeView.cs: 727cdb3e104b6a2a1b2a292c292f355e -> b6f5ad03828f3d0b6465c52959e1ee5e
  custom:scripting/monoscript/fileName/HelpFormat.cs: 21ed51b2b4a8895b33c59b0da2dab5f3 -> 92b36f6584b3d7ccdc99b0ae4e152c53
  custom:scripting/monoscript/fileName/FbxNurbsCurve.cs: ec62c7317f9c9ab5b94d025857fa5795 -> 7351470297bac997ad5edd9cd3f442bd
  custom:scripting/monoscript/fileName/PlasticApp.cs: c440a0fb380601a77ad475d6c15d4fa1 -> c57de230d90beac7b586f10b9c7c6cb5
  custom:scripting/monoscript/fileName/ChangesetsTab.cs: ef408d8aaf89e01b17643ed0c836680d -> 46dde8f7856048792ad2e75490bb8c5e
  custom:scripting/monoscript/fileName/DrawProgressForMigration.cs: ae1efb383fa608b24b67941239effb04 -> 0390721ecd322e9ab47db03bd0f98a12
  custom:scripting/monoscript/fileName/IncomingChangesNotification.cs: 5804eea08e59310a581998ae8010a5e1 -> f039cd7fb6b53e16030c9431c0e3a656
  custom:scripting/monoscript/fileName/DrawTreeViewEmptyState.cs: 6287514b9d86e73fc5c808e9a9847355 -> d4c16fd6aad8161eda7d99fd74cbb08e
  custom:scripting/monoscript/fileName/ErrorsListView.cs: 202ccd428b59063895c865fc91609494 -> 897fb5fb66de4298630458ed4a966790
  custom:scripting/monoscript/fileName/FbxImplementationTest.cs: 9c47dc51ab44368f24030d159ca40667 -> 
  custom:scripting/monoscript/fileName/UnityPendingChangesTree.cs: fd6f0a038401268983bd9328d10dec93 -> f391d9a00dc9e202cee4d4ebcf6d21c0
  custom:scripting/monoscript/fileName/FbxGeometry.cs: b356dbc10887dbfacd5991a9fbc8e65d -> 48013c33c3d7f63d61eeadad3653c3fa
  custom:scripting/monoscript/fileName/FbxDataType.cs: 210d9b225f88db167150b9c399f32695 -> 8afa2284a1d3520c6c7b056b41c013dd
  custom:scripting/monoscript/fileName/FbxLayerElementVertexColor.cs: 4dce73e6b2722a65adfc1d1929f7dd37 -> a848de8bf2124bd81bf8bcb7a2d65b0d
  custom:scripting/monoscript/fileName/EmptyCheckinMessageDialog.cs: 12efddebfc1859d39c5d8d43b34ef051 -> e95636a2119dec4d0c1f323f7ba65603
  custom:scripting/monoscript/fileName/PlasticDialog.cs: 819fbb56d119a3554328cee8b3e7d656 -> 03ca55081079b8fc452d8bd4d604d8d1
  custom:scripting/monoscript/fileName/FbxDouble4x4.cs: 3cba68ba59d41fa3f593d0eb5e2e3032 -> ae149be842cc8e03152b34b334239b73
  custom:scripting/monoscript/fileName/AutoRefresh.cs: 9d30d5d3f0e8985355be1ab597da1dbb -> 0a8afde180a876655ad16caa14493409
  custom:scripting/monoscript/fileName/PlasticPluginIsEnabledPreference.cs: 56473af084ae343e005353d1ebe26bab -> 7953272c37f4a828a3d1096e7479f346
  custom:scripting/monoscript/fileName/HelpData.cs: 4912f3cb1f8d56df905d125825f3a11c -> 9293e68e835820b452391937547d1531
  custom:scripting/monoscript/fileName/GetRelativePath.cs: 9b16eb2de9e98b392077181cc34243c1 -> ab04ae5e0cafb93ebf5c96148bb52df0
  custom:scripting/monoscript/fileName/UnityEvents.cs: bbca41e222c933c10ac2fdcedacdc4c9 -> 93e3e01e1fc330c62462aa41b286117b
  custom:AudioImporter_EditorPlatform: d09bf68614088b80899f8185d706f6e7 -> 
  custom:scripting/monoscript/fileName/FbxLayerElementArrayTestBase.cs: 528d2153401ddac345878ad9b9ec93d3 -> 
  custom:scripting/monoscript/fileName/FbxPropertyFloat.cs: 6703232c14beab9477cfe17cc733c8bd -> c363c4af4c6e907f7bd3c82665343894
  custom:scripting/monoscript/fileName/DockEditorWindow.cs: 581124d5e19667105f2446d6dfbf7982 -> a9e5e467234133af999283610b6e84e6
  custom:scripting/monoscript/fileName/FbxLayerElementNormal.cs: b2d333c5450f8f34a6072deec6a871a7 -> 26c5093132973342a1cf62e727ceabf9
  custom:scripting/monoscript/fileName/FbxAnimCurveFilterUnrollTest.cs: ba8e765ee219e62735a292ad6dc381e9 -> 
  custom:scripting/monoscript/fileName/FbxConstraintPosition.cs: d4e920a15b96b9ae4d7b40d6eca7a390 -> d2eff2c9ae30cc45f159fb343326a38b
  custom:scripting/monoscript/fileName/FbxIOPluginRegistry.cs: d9313adf36ebeaf7ac4f0a768365f0f1 -> 80f28650270352b658e89584ba53cf78
  custom:scripting/monoscript/fileName/BranchesSelection.cs: 7eb1fcb556f0fad697e4ec9d989be099 -> 33b36e7b03910960966036894ec90c7c
  custom:scripting/monoscript/fileName/SaveAction.cs: b68fbb4319dbb368959c40781b39fdf8 -> 27c387bb58f3a69b0c9ff60d2209e18f
  custom:scripting/monoscript/fileName/AutoConfig.cs: d7e7782096b4377b5bd38eeac4bde9c4 -> 3bedd8010c31a7b520fc04c0955e3f17
  custom:scripting/monoscript/fileName/FbxEmitter.cs: ec8684a4f2ef0180d5e2055a370e4695 -> d089011a2111ed9ba11a9c8860650eb8
  custom:scripting/monoscript/fileName/FbxMatrix.cs: fd482740d7aeb19584b35ede19fa834c -> 2c5d11da739bae5ab7a9e6287e3f635f
  custom:scripting/monoscript/fileName/DiffPanel.cs: 02288a38bd14cc2b52a25b302a6f154e -> 210366dab3631628227b9406f87a9b7f
  custom:scripting/monoscript/fileName/FbxAxisSystemTest.cs: ad9da1c2dc1a0cd055b4449e8c4a2859 -> 
  custom:scripting/monoscript/fileName/PlasticAssetsProcessor.cs: ffbead0ce8c78df1634f8fc06dec8ecf -> ff731c8aacf4a537dc74c7cf9eaeaed0
  custom:scripting/monoscript/fileName/DrawDialogIcon.cs: e4ed13b557ed772d1686b04515a0002b -> 2a1cc28b64afd474736eb8a39b842af8
  custom:scripting/monoscript/fileName/DrawActionToolbar.cs: 52293cb82089e0370f52e257f41c0869 -> e05748a99799f26304c1bbafd90f703b
  custom:scripting/monoscript/fileName/TreeViewItemIds.cs: 8f6297df34271fdb1ce2d9607ec6261d -> 90647cc400823b41df847a6cbfc29026
  custom:scripting/monoscript/fileName/EditorVersion.cs: 70953c9eccf7726f70c672a9a51619e9 -> 698aba075b19a52a056d67a7b809d179
  custom:scripting/monoscript/fileName/TeamEditionConfigurationWindow.cs: d06f049421c16e5927ec29f770917e09 -> e53b1ca5561894aaeff930afb696d001
  custom:scripting/monoscript/fileName/FbxDoubleTemplates.cs: 3dae3f299cc262c596f82349df396315 -> 1f4bbdb65eab2cdcb62f8165d2d82517
  custom:scripting/monoscript/fileName/FbxCameraTest.cs: b8ea61369dae8bd6257e0ad2e50448d7 -> 
  custom:scripting/monoscript/fileName/ProgressOperationHandler.cs: 5fbb4e0f656dcfaa4498bd2e492e4710 -> ec62666c0ca1649dd33cc6bc6834c6f7
  custom:scripting/monoscript/fileName/UnityPlasticTimer.cs: 961fdb6492c99b4a3eadbed28e78c4b0 -> 6c887e722e951c2964523825cad70c4c
  custom:scripting/monoscript/fileName/TreeHeaderColumns.cs: 9fc4a0396a421346b8aa3b7788860851 -> 316e5ea62e66b20fd6e687a6b9e5958e
  custom:scripting/monoscript/fileName/FbxLimitsTest.cs: 2ce0d9e4caa63e26c026346e4b3ff4c9 -> 
  custom:scripting/monoscript/fileName/AssetFilesFilterPatternsMenuBuilder.cs: 8fe5de6e5dc3d42fb7e95de2aaedbf5a -> 0d99e7514c6a33cda8314deed8f34bc5
  custom:scripting/monoscript/fileName/FbxLayerElementTemplateFbxVector2.cs: a1810ec4acd0bfddcf66dd3216568b48 -> d2cb18b2db40df38e585413819958705
  custom:scripting/monoscript/fileName/PlasticNotification.cs: 71978c581e1127248a19c9d9e66cd355 -> 3629fdff9f054b2013702f5b131b2c47
  custom:scripting/monoscript/fileName/FbxDeformerTest.cs: 674640909309740ce9749a02ad944333 -> 
  custom:scripting/monoscript/fileName/ConfirmContinueWithPendingChangesDialog.cs: c0e147ff008a0b77c9337132a3ea70af -> 77462b1904ad8f6fee2f8da4523d59fe
  custom:scripting/monoscript/fileName/ChangelistTreeViewItem.cs: a4a6f6169cdb3afe249e104e2b7b1a2c -> 87f69636be8bd1a264ec4eac1bffa701
  custom:scripting/monoscript/fileName/FbxLayerElementArrayTemplateInt.cs: ce6aeea6b745aab3c711c69ca432f97e -> 6ef48c5951f82f75d16dff92ec083434
  custom:scripting/monoscript/fileName/CollabPlugin.cs: bda741ff77a19affbf276298e29313ec -> ca276d65e7cd77c5c99d9f119ffdb215
  custom:scripting/monoscript/fileName/TabButton.cs: 6b2f65cc4ac9720145e8ba256cdf01ef -> 209224933ef150b047623939760d7928
  custom:scripting/monoscript/fileName/LaunchTool.cs: 3ac53c8af1f56365aad9e1ae5366d98d -> 60773d78646dc188d4b2caca77f20b17
  custom:scripting/monoscript/fileName/RunModal.cs: 33b931100ee477e6812324eabaa2e837 -> c83ee2ef642c5d8b8dfd32f033bfc438
  custom:scripting/monoscript/fileName/BranchListViewItem.cs: 8fdaa5aa842f5a70237affa304b9d506 -> 55028f4aef24d6227589aaa95582b2ff
  custom:scripting/monoscript/fileName/GlobalsTest.cs: bc3c1ab54113cd778d08d55937591814 -> 
  custom:scripting/monoscript/fileName/FbxProperty.cs: 88f7100281016e7c2eeb1c2c2fa95e30 -> 3819dd05a82badd129a7f6e365473927
  custom:scripting/monoscript/fileName/GetAvatar.cs: 07c98163f75f0b7c672bd453fc82bf61 -> 04ffae2a9e5a4c32a119f93144f558d2
  custom:scripting/monoscript/fileName/FindTool.cs: fc3b0710b24078288fe829d0bb041dd0 -> 2f9d82566cfb01fb68fc30111fb47624
  custom:scripting/monoscript/fileName/ChannelCertificateUiImpl.cs: 75d7831ab5da75cc0082e28863abb142 -> cefccf1e13b7bcf15e3c9f2dd4cd2fc8
  custom:scripting/monoscript/fileName/ApplyCircleMask.cs: 02eb67e485278e7c9b719fee5ff90f4a -> b955b378d261fdcbd6272fe8711d1e4f
  custom:scripting/monoscript/fileName/FbxSystemUnit.cs: adcf8def8d91560965634c51d72338ef -> 3295634c7fc9bdf2758f5d5c17ce2c9f
  custom:scripting/monoscript/fileName/FbxTransform.cs: 7f351ee35126ff0cdd55e9ac80f8e0c5 -> 23a8d5f81f4b3a51c97bab2fcfe349f0
  custom:scripting/monoscript/fileName/AssetMenuOperations.cs: 5683cc8854ab08248c3c5961670bd5df -> 812472213e516c8053ec016784212aff
  custom:scripting/monoscript/fileName/VisualElementExtensions.cs: cd98f4a51563fccdfc39eed097290325 -> 0aad2728225c469038631668406aebb3
  custom:scripting/monoscript/fileName/FbxLayerElementTestBase.cs: 5e28f47347c1fba9eaf94162c378d777 -> 
  custom:scripting/monoscript/fileName/FbxPropertyNullELook.cs: 5ef2a9136bd1271bb423f310a84457a5 -> b3c41a31e7c05e33d492c05e29faefd0
  custom:scripting/monoscript/fileName/ListViewItemIds.cs: 8f6297df34271fdb1ce2d9607ec6261d -> 90647cc400823b41df847a6cbfc29026
  custom:scripting/monoscript/fileName/CreateWorkspaceViewState.cs: 1deb37b3c17c224d9a7dca9c990ea191 -> 0fe23b7cca9336b31a27790c714de652
  custom:scripting/monoscript/fileName/MergeLinkListViewItem.cs: ebc1e6f9e3a3005d8f4c51a794adfdaa -> 3fa407d29597803190dd374d88ed170d
  custom:scripting/monoscript/fileName/PlasticQuestionAlert.cs: 856d1ef3d18fc44f5dc25862ac307585 -> 822b3ee0570c5b12e5690df1874da369
  custom:scripting/monoscript/fileName/FbxBindingTableBase.cs: 54989647c24af3762d5138d7f369e2eb -> b215adae3ec7fbfda953323d2a2d2314
  custom:scripting/monoscript/fileName/DrawCommentTextArea.cs: ad5449f632fd412ac0f7ba0d171fd453 -> c58c26552f95f108a8d9610eaf001fbc
  custom:scripting/monoscript/fileName/ErrorsListHeaderState.cs: cb38081a34dcc37c968a3fae60743b76 -> ccfb08b895a719829a3302b7c4d26a5d
  custom:scripting/monoscript/fileName/FbxLayerElementArrayTemplateFbxColor.cs: c0f6d62b953e5baeff9a7b1af72babc3 -> 5152d886d8a25c3888aae80f96bce43d
  custom:scripting/monoscript/fileName/RefreshAsset.cs: f56d23c5126a2dd3db6f272d3d3b71dd -> 21c806d59a337a83fcab56230df298f8
  custom:scripting/monoscript/fileName/BoolSetting.cs: 9c3f40d0ec58f1b80f82d15e4bda7107 -> 6866476ee3db529747ee7a560b4298d4
  custom:scripting/monoscript/fileName/FbxIOSettings.cs: faf355114ed6464b76b432bee064086b -> 3fd153d39b55fff27e36563685561a58
  custom:scripting/monoscript/fileName/CreateChangelistDialog.cs: 774371d4233cc1d394d98dc80507a1f8 -> 386b03e27c951c5f1d63daf7aae486ca
  custom:scripting/monoscript/fileName/FbxMarker.cs: 1a4f4b33b54e2a1b64bbb7c74ead9b44 -> f0c12d9017c19e89cf779f137b396c51
  custom:scripting/monoscript/fileName/HistoryListViewMenu.cs: 15a489e494f04a7ea37a587c7601070e -> 29770348599c8d5473b78d72e5741b40
  custom:scripting/monoscript/fileName/ExportEmptyFbx.cs: 351100490b9e079edf36ea1f7f1d9005 -> cd15797793c8de7703f841d592f40745
  custom:scripting/monoscript/fileName/FilterRulesConfirmationDialog.cs: 5186d89f21d03764f0cca01c2a0122d7 -> 9c91c6c91f20e6d013a753f32343b327
  custom:scripting/monoscript/fileName/FbxExporter.cs: ab4663c8e91626d832b38b7bc7706158 -> 14d203fdccc1574fb517ce4360deed0b
  custom:scripting/monoscript/fileName/FbxSystemUnitTest.cs: 4e15f603c8e73f634b60538cfc37e24f -> 
  custom:scripting/monoscript/fileName/ChangesetsSelection.cs: d154d1782ed752b83834c54a0bde3df9 -> 8b9d539af9f7e269bac4e3d79e9ffab8
  custom:scripting/monoscript/fileName/AssetPostprocessor.cs: 28be74a844bbed0286c3c45dee7283e7 -> 96208057b904410715a8df295ba4f8f4
  custom:scripting/monoscript/fileName/IsResolved.cs: 0034e721db666e5b8cc915c1387404bc -> 9de9e3ff6e27370b261e01506de8b191
  custom:scripting/monoscript/fileName/LocalStatusCache.cs: a558fcf5f34357bab4cfc7b75e2bb356 -> 30974ea30517fbfd1b93153f6c849a76
  custom:scripting/monoscript/fileName/RepositoryExplorerDialog.cs: 143e7416b576681e1f2ea71288e530e6 -> eea34924da79ad7254f3e141a891c78d
  custom:scripting/monoscript/fileName/FbxPropertyInt.cs: fa2a94fd9a0051d1caa4ffdaebb1b8b7 -> 6df0f2671e699b6498dcabcaa8c11ccd
  custom:scripting/monoscript/fileName/HelpLinkData.cs: 73f7674781cc91051b1bb683af1ec053 -> 298f428470bd6f0a46823cad390bf0d6
  custom:scripting/monoscript/fileName/WorkspaceWindow.cs: ff52e13cd29dacd66db0169e14f71a23 -> b042f06133312d3bfed176231d97d77c
  custom:scripting/monoscript/fileName/FbxSubDeformer.cs: 0d5d82d63f8bc618390ca7eb2aee25bf -> f5160f8ddaa4b846839699b92041e395
  custom:scripting/monoscript/fileName/FilesFilterPatternsMenuBuilder.cs: 28072cd275c96994687e6d4d0d6e1dff -> cf716a8d336c8113475a9ca67a799ec1
  custom:scripting/monoscript/fileName/DownloadRepositoryOperation.cs: 6d85e82fdc939ff9217805f7b1e91bb3 -> 6428d38d73b373d82b59e8e561986d99
  custom:scripting/monoscript/fileName/Base.cs: 90647cc400823b41df847a6cbfc29026 -> 
  custom:scripting/monoscript/fileName/HistoryListViewItem.cs: 2d3b1fc954b6bdbae298ec250ade0663 -> 96f2b67ec620b83e35d13f11877e1ac1
  custom:scripting/monoscript/fileName/RemoteStatusCache.cs: 00463e6b90cfe7da080d7c266f783980 -> 402d5663f3675e9324c129274b0c00f2
  custom:scripting/monoscript/fileName/FbxVector2Test.cs: deb8479a0ffceaaac141f79eba29a69d -> 
  custom:scripting/monoscript/fileName/FbxSurfaceMaterial.cs: 7d9698a4936b172115f89ba67974bdb3 -> eb900b126346156d69160840468ae69c
  custom:scripting/monoscript/fileName/FbxNode.cs: 330abcd569315bb570bdcfb619b610d8 -> 19ee172d8b678ec052a7c50adc93089f
  custom:scripting/monoscript/fileName/FbxPropertyDouble.cs: 2ebececc9aca42fddd5358341d98f13d -> 86532092f8e5ac4165190f00bc6ddac1
  custom:scripting/monoscript/fileName/FbxLimits.cs: c4b2d28ca7d71559200db08a4172903c -> 88b1e072f91c043e0a42a1ace2ad849c
  custom:scripting/monoscript/fileName/EditorWindowFocus.cs: 1012e4e2e29e9b29bdcc03d8b92762a8 -> f258b0cf85078a7435d001e522d5e8e3
  custom:scripting/monoscript/fileName/FbxPropertyDouble3.cs: 6b94a368adaa868c7baae3611b79cd5e -> 7214a26730fd8b30e98740c4804cff61
  custom:scripting/monoscript/fileName/EnumExtensions.cs: 24df84756ec75feecd53a80a0991ea16 -> 872fcb89b813d64606e680211dede528
  custom:scripting/monoscript/fileName/FbxPropertyEProjectionType.cs: 915781c4adca69d3f39320b7a8eff27d -> 1f2afeb1b2c72f62924f8d131875efd5
  custom:scripting/monoscript/fileName/NewIncomingChanges.cs: 4475d5d6d9583dbe65c4824e6a1fe6aa -> fc48261878ef7e4b956e7172f5803aee
  custom:scripting/monoscript/fileName/FbxTexture.cs: 31e76daff95202041012788b08a896ae -> f97a3797113512f7d0d907cbda6684fc
  custom:video-encoder-webm-vp8: eb34c28f22e8b96e1ab97ce403110664 -> 
  custom:scripting/monoscript/fileName/FbxPose.cs: b0a530dd85b5c73089341fef97a25557 -> 88c58779797f89edb2d34cfb8d39c646
  custom:scripting/monoscript/fileName/FbxPropertyEInheritType.cs: d4024ca288e9b7a3d29d487614afbcab -> d98edf98fb0d376c66dfc7407ff7569f
  custom:scripting/monoscript/fileName/UnityIncomingChangesTree.cs: 14fd2f959d89d08b6b5883abcc4129e0 -> 5fc1be06a74c9c81fa2ac48c398d9be3
  custom:scripting/monoscript/fileName/UnityDiffTree.cs: 447fc3a8922f56330f4bae8c9dc9a8be -> 1029ffd567bc0e646e6b119719dcb2ff
  custom:scripting/monoscript/fileName/TreeHeaderSettings.cs: 114eb9e27124403e8e111494b8eaf987 -> 662b1714c0fce36da72bbfe60201987a
  custom:scripting/monoscript/fileName/SearchLocks.cs: b9c63d449a808a78a83e8333a15b49dd -> f40ae73b301d84efae1a6385552c43ff
  custom:scripting/monoscript/fileName/UnityConstants.cs: c64ca84d905d529be8fee7e84acf5d4f -> 0c04c1eb6edefcf789dce2e0ce87bda9
  custom:scripting/monoscript/fileName/FbxDouble4Test.cs: 386f96435499f7b999b980f1c1abf35f -> 
  custom:scripting/monoscript/fileName/IsExeAvailable.cs: 3e4283303610c884e542b8f6d3e922d4 -> 4a3dbc5ded94087064afd97407f26631
  custom:scripting/monoscript/fileName/FbxConstraintScale.cs: aa8deecfdc9cc67a3c5324742b884ff3 -> bceae67b357d03a6f01e0d2a41c8fe70
  custom:scripting/monoscript/fileName/AutoLogin.cs: d257b2b319167ee8af9b75266dabb58c -> cac363a2d5471994de278e71f937b032
  custom:audio-decoder-ogg-vorbis: bf7c407c2cedff20999df2af8eb42d56 -> 
  custom:scripting/monoscript/fileName/UpdateReportLineListViewItem.cs: a101f0ba5292fc139445870b3f4af838 -> 9f63395e1ea590dbbab4d59cd0032ac4
  custom:scripting/monoscript/fileName/DrawSplitter.cs: ec7e8739eacabcca3e2946d9833eea0f -> d2f114a8e8e4167f7762d835a83b2f55
  custom:scripting/monoscript/fileName/LaunchDependenciesDialog.cs: e1c527862a66e73f0417ae177d7fdfb5 -> 2cabf22eb95430074b6c730a84e03493
  custom:scripting/monoscript/fileName/CredentialsResponse.cs: 96b135ae1c4ea541dc762170ea524fa9 -> 3dd2507693e56dac75ee7783f598cbb9
  custom:scripting/monoscript/fileName/FbxLayerElement.cs: f5a0e74648cb32f75c4ad07a03f66c56 -> dab154f20ea89abf2af8fdd1c43afd0e
  custom:scripting/monoscript/fileName/LaunchDiffOperations.cs: 831bbe9f0510da02e07943dba200580f -> 20e85a96a5926a180bb53a2abca68aa4
  custom:scripting/monoscript/fileName/PlasticSplitterGUILayout.cs: 4cfaefa1a850aceff54713912c4a2bda -> 111849f67dfbfea65ad2a9298ad1654d
  custom:scripting/monoscript/fileName/StaticMeshExportTest.cs: d39508ee9d499ef2388243156cea246c -> 
  custom:scripting/monoscript/fileName/CheckinDialogOperations.cs: 0b2a2cd4c41cf1865a29cf91b2a96a48 -> d032d69e8060311c06b88286e8f22ddd
  custom:scripting/monoscript/fileName/FbxPropertyEntryView.cs: 06e0eb91ce8fff6135db6044604be0e8 -> 44e13baac7c841e4a620a4c82f1c75fd
  custom:scripting/monoscript/fileName/FbxImporterTest.cs: adc1728e8754a3906db83e0a756154be -> 
  custom:scripting/monoscript/fileName/Invoker.cs: 234ef4607de0be898a0838369a7d54b9 -> 3165e087cd9b397e5b8705cef415727c
  custom:scripting/monoscript/fileName/FbxStatusTest.cs: 0f7b60479ba0b97d34066534bab30678 -> 
  custom:scripting/monoscript/fileName/FbxPropertyEAreaLightShape.cs: e17becc94ccdba5c2365ffb3717ec9a3 -> 07528d7283f9e29a60acbba21cbbc01e
  custom:scripting/monoscript/fileName/FbxPoseTest.cs: e9c90df22da2032931831b0adc39f06a -> 
  custom:scripting/monoscript/fileName/PendingChangesViewMenu.cs: 68fab310addfd7068cfd7920070496ff -> 9b0019b6df6bb14eb3a2dbafa53fb54b
  custom:scripting/monoscript/fileName/AssetsSelection.cs: 35cec24e81f0cb1de51daeb356abc4ff -> 0227d7ff4d5687932d10967a945a9b06
  custom:scripting/monoscript/fileName/EnumPopupSetting.cs: 8f6297df34271fdb1ce2d9607ec6261d -> 90647cc400823b41df847a6cbfc29026
  custom:scripting/monoscript/fileName/PlasticConnectionMonitor.cs: 0a14faa9ef1a178a87cdca925b1963c3 -> 920e8e381bfc94da8bb69d336dda57ca
  custom:scripting/monoscript/fileName/FbxGlobalSettings.cs: 15a8c49d0731aa31642ee965fe36724c -> 5a71ade068c99f9827828d54891eac38
  custom:scripting/monoscript/fileName/HistoryListHeaderState.cs: 6226ef13a567fa81584864f8698be331 -> a87e0364d14866c369ad50d669bdfa85
  custom:scripting/monoscript/fileName/FbxConnection.cs: 958dec506dfac86cbb3f20d7f75dcdbe -> c29cd84f9c806c9ea605731e79167951
  custom:scripting/monoscript/fileName/FbxPropertyString.cs: 464e3d8e4d46475b0060fe1e327e8aaa -> d0a70ad46a27988a0de613fe0dfe1101
  custom:scripting/monoscript/fileName/CloudEditionWelcomeWindow.cs: c886fdb39f4b8787e6ea3701a8f88f4a -> b1721e471183956468462f6b64901640
  custom:scripting/monoscript/fileName/AssetsPath.cs: 367269acf8f676d2cdd30fdc387b3920 -> e0e986124adc46d913f0683c34b88c9f
  custom:scripting/monoscript/fileName/MetaPath.cs: 1f80313a7ce6ec6ece505285578f5745 -> 417a84eb354831f828a6752b26c8592d
  custom:scripting/monoscript/fileName/FbxGeometryBase.cs: 0ef27f56c6a6909c45a7240c6a94d4e4 -> b80921b904337d64836aab1315c4d8e6
  custom:scripting/monoscript/fileName/FbxAnimCurveFilterUnroll.cs: 728651ff6361c74378d49f07160701a2 -> ca0ada5a99f9d147676f2f2da1ce17d5
  custom:scripting/monoscript/fileName/SetupCloudProjectId.cs: 13f827b1cd5d0f2f26b23fbb76ae9658 -> b97c58bad4d018dee401e03d212b4b9d
  custom:scripting/monoscript/fileName/CppMatchingHelper.cs: 76b12f3ce9d7d0e02522f801ae6485df -> 
  custom:scripting/monoscript/fileName/CredentialsUIImpl.cs: 90e9c2de8d7bdd8424e0d89c415108ae -> dbacf67c37819fd95562fe169e706732
  custom:scripting/monoscript/fileName/ChangesetsViewMenu.cs: b720f0168f4ce1b1e0d358a6d5ec9a42 -> 7d1a2de81910b5990e71a0bfff26fdca
  custom:scripting/monoscript/fileName/UnityPlasticGuiMessage.cs: 2a7f71f59c0d7dc731fd345a3713957c -> 24eef0792e3802809607a7f9d04b8f1d
  custom:scripting/monoscript/fileName/OrganizationCredentials.cs: ee462057b3bd23cc3dab953ac4d656e2 -> 0b123406cadd651e9adc01c85fab5124
  custom:scripting/monoscript/fileName/StatusBar.cs: 4d7c95bdcb7dc38d15f73e75e08a1cfd -> 392933116703b8e69a96dc0b873bf6f1
  custom:scripting/monoscript/fileName/FbxIOBaseTest.cs: 9c56cbbeea560495e3f472b324465be9 -> 
  custom:scripting/monoscript/fileName/IsCurrent.cs: f17603b9beb638f4d996c87b460abecd -> dd4e907908609852af07850d28334551
  custom:scripting/monoscript/fileName/FbxPropertyMarkerELook.cs: 8b3d4cf7bdadb8cecb1feb97c58f8ce4 -> 1d1de918f87923247ec760d3faf16ac8
  custom:scripting/monoscript/fileName/FbxTimeTest.cs: 61ddc1ffdece17e5f6a90de61529f450 -> 
  custom:scripting/monoscript/fileName/ChangesetFromCollabCommitResponse.cs: b986ab8b1acd322b0367812e2d541734 -> ba336e4117e1b7ee28e4c17197bc3d0e
  custom:scripting/monoscript/fileName/SkinnedMeshExportTest.cs: d15afcbc9973740637d471f5f90a5022 -> 
  custom:scripting/monoscript/fileName/FbxLight.cs: ff7a807e5923ae9b55a32495d2170a66 -> 5def5fa0c94426100af916b97b3b7028
  custom:scripting/monoscript/fileName/MoveToChangelistMenuBuilder.cs: 3a2ef8cb0baf69e5dadeafc731fe32a9 -> a90b3e388d3e1316fa104d4c9a03e2d1
  custom:scripting/monoscript/fileName/LoadingSpinner.cs: 69a46a0158b3944983921513a6337a68 -> 1c13cf7a9498073806920e71757dfeda
  custom:scripting/monoscript/fileName/BranchesTab.cs: 764cb17e9337c58ad4f5304b60b2042e -> 57c33f76c527a5aba4d269245ffff188
  custom:scripting/monoscript/fileName/HelpLink.cs: 9e71b7d8c1e9f8158a850cf12062a691 -> f129aa05dc3840d5bd4f2e0d111189db
  custom:scripting/monoscript/fileName/FbxAMatrixTest.cs: 73b1e681481d3406564dd86d743ebe87 -> 
  custom:scripting/monoscript/fileName/FbxAnimLayer.cs: 1722b44ec0d5a4a94730f291ebda7c31 -> a33542128507b1a9774126b009d92729
  custom:scripting/monoscript/fileName/ToolConfig.cs: 18b1ea271ce5e7b6deea7b4e8e175269 -> fcffc3165b047f54ed6ccafa4c8760dd
  custom:scripting/monoscript/fileName/DropDownTextField.cs: e66e7314096900597993d2b353757d8d -> c8fc484ce140049ff31ebc2c6cbebf28
  custom:scripting/monoscript/fileName/AssetsProcessor.cs: 47679a6e15b70f4fef48eb1b2df31b19 -> 18737889e95cd4088e8dfd4153fa8f40
  custom:scripting/monoscript/fileName/FbxEuler.cs: f7e8b02efbb02221e9bdcfa9f71c2f43 -> 78ce073ba7cd774c97fd3fec848d1d22
  custom:scripting/monoscript/fileName/FbxLayerElementArray.cs: e451b67cca0385e34828606cec55e2cb -> f198dec82146e3d89a7d025f49bcd332
  custom:scripting/monoscript/fileName/DrawActionButton.cs: d847a7d82ac92cab2b3d0ae268cefb3d -> 81e6708d2b8fa199354e53f85db731a8
  custom:scripting/monoscript/fileName/TableViewOperations.cs: ddc7b903e0dbd6bd109f2bd709b95f0e -> bef3a31deb1fe794a90f767d16e4c868
  custom:scripting/monoscript/fileName/UpdateProgress.cs: 5b04f01bf199310f09ab9522f89c78f4 -> 281e1e05168d6a30be1d8d2f6200bef8
  custom:scripting/monoscript/fileName/FbxTime.cs: a5d346e8a3790c8ed2fc68d4fd27846c -> 7ff870fb104aeff8c3e2fd6db612200f
  custom:scripting/monoscript/fileName/FbxVector4Test.cs: 604b6d5142035506660ee9d803904d3c -> 
  custom:scripting/monoscript/fileName/FbxAnimStack.cs: b09bd0661768daee263a54c874de3b72 -> cd827408506b52689ab211c452254bdf
  custom:scripting/monoscript/fileName/FbxObject.cs: f419b4c93ff0496190000a1045406164 -> 22901937c83410c82a079ff7fceb58dc
  custom:scripting/monoscript/fileName/FbxPropertyTest.cs: a9cd54d1d00a24eb3e1a65a5fa52ff94 -> 
  custom:scripting/monoscript/fileName/DrawProgressForDialogs.cs: 5f8d39e3ea7c4a42148c6b1a7b4ca061 -> a5f2abd8875e7a6afbc171fabfbae81f
  custom:scripting/monoscript/fileName/FbxLayerElementArrayTemplateFbxVector2.cs: 0caa006b888ff1bbfe2d5ea977c4d71d -> 5c3a6f20f8c80779ca7828c92f33194b
  custom:scripting/monoscript/fileName/ToolbarButton.cs: 0b8663f5acfbbe9acf3c68758e2857fb -> 47dc767626bbd94d66707af31ddc5eb6
  custom:scripting/monoscript/fileName/FbxDouble3Test.cs: 84e9ba560ea0cdd8923df5b7e522133b -> 
  custom:scripting/monoscript/fileName/FbxSharpProgressCallback.cs: da5664ef250a777a80d920f00b632248 -> 8eff72a266de0b6f575a84b2ebe1f086
  custom:scripting/monoscript/fileName/FbxExporterTest.cs: 67bc8bce3c19d296d3280b0d534f0171 -> 
  custom:scripting/monoscript/fileName/ProjectViewAssetSelection.cs: 349dc288d32791de51156d4e59000b7b -> 2560eadaf6a13a74a46a4a207cd5a8b6
  custom:scripting/monoscript/fileName/DrawTreeViewItem.cs: cceebc4f1185658619e40964f29acb08 -> 0921a62a588ab864253743d1f07afb5a
  custom:scripting/monoscript/fileName/DrawSceneOperations.cs: 2426c0c2ee58cd28be59874f6425940c -> d87f46f9fb97181a2f51490ea2e1efc3
  custom:scripting/monoscript/fileName/FbxIOFileHeaderInfo.cs: 1c7bd0a6aa9bea18d91047c38bea663e -> 2f533e3b2e35800afb9637e46763a4d2
  custom:audio-encoder-webm-vorbis: bf7c407c2cedff20999df2af8eb42d56 -> 
  custom:scripting/monoscript/fileName/FbxPropertyBool.cs: 18234ea0c6cae4677657b61326b040cb -> b6e61da9a36971e93e14e86c261e72ce
  custom:scripting/monoscript/fileName/DrawActionHelpBox.cs: dcd6ec2e7fb1b44f22c4a79ff87b70cd -> c8f6be9dab1e6f8d71e0c63c29679186
  custom:scripting/monoscript/fileName/FbxDeformer.cs: 76b6d18b59877a3937a40d93a11b019b -> eaf4846ef3982ac5d1a664b2ad250993
  custom:scripting/monoscript/fileName/PendingChangesMultiColumnHeader.cs: 21802cc6929e0e180fb4f0be8e34d9d0 -> 722de7d6e07a79981d750438e6febb8f
  custom:scripting/monoscript/fileName/EditorDispatcher.cs: c739e073a8c38dbcf59192f45d1004c5 -> 3c402eae57d73cc54863f3f6a13096ae
  custom:scripting/monoscript/fileName/IIncomingChangesTab.cs: 559fa5abb97c61b93b8fab20ab21661e -> 9387215e0dc23a2ff26ebec61d0d9f7d
  custom:scripting/monoscript/fileName/GetChangesOverlayIcon.cs: f00e4b795697c6cf3092760f3b6fc49d -> d599d6efdee28305661bc0cf6683858a
  custom:scripting/monoscript/fileName/FbxCamera.cs: a32a125b122062d0a5da9f75f044d703 -> ff6f9ac7210e395dab3784e2d0c7fb91
  custom:scripting/monoscript/fileName/InstancesExportTest.cs: aeb300025c7b939514f756ba88556ea3 -> 
  custom:scripting/monoscript/fileName/EqualityTester.cs: 0cdf409b5aa8d4c25876d72b5c6a3b60 -> 
  custom:scripting/monoscript/fileName/FbxAnimStackTest.cs: 45fbb03387fc3d467e4eb77906418809 -> 
  custom:scripting/monoscript/fileName/ChangesetsListView.cs: caae0aefb36c869f50691482a5cd0944 -> 87b74e0d80cf59010f55e2baaeb6679d
  custom:scripting/monoscript/fileName/UpdateReportListView.cs: 2d8fccdaad50bbd7454b52cf9cb4a0f9 -> 08d26df1ab6c3a7628addc5e54e50b08
  custom:scripting/monoscript/fileName/UnityConfigurationChecker.cs: 59a8f0715a7c89a752351bf42f94abbd -> 874cd65cce0384fef4b60e71fb08a429
  custom:scripting/monoscript/fileName/FbxDataTypeTest.cs: 059046a9282117604243673ed00fec29 -> 
  custom:scripting/monoscript/fileName/CheckWorkspaceTreeNodeStatus.cs: 5e11ff64963669981115eb58dc2b6e8b -> 1e1255b803bf7cbc935bb804bf0dbe7b
  custom:scripting/monoscript/fileName/PlasticPlugin.cs: a57c142b98ca3d4daad221737fd72924 -> c64561980f26020cc3206ae8b1047268
  custom:scripting/monoscript/fileName/SwitchModeConfirmationDialog.cs: 4d9c02587760213784bfe53d012122b4 -> 30cd71d0b3ee4b2689cde689908d301e
  custom:scripting/monoscript/fileName/FbxIOPluginRegistryTest.cs: 5c0b6db1a3b972a69d440c0988dee057 -> 
  custom:scripting/monoscript/fileName/PlasticWindow.cs: 76740c086f0109337962354fe520adb2 -> fc467478941f610919bc69526ba2c215
  custom:scripting/monoscript/fileName/GUISpace.cs: ecdcac7e01e4f42dcc4c447e164acce1 -> 8f50176adb72cb92a80e5c8eb8b79a13
  custom:scripting/monoscript/fileName/FbxSemanticEntryView.cs: 9c1aa7f74f05f8893fc2f2a545716f7f -> cfd002bcde442a3b5e643bb8a652b3f6
  custom:scripting/monoscript/fileName/BranchesViewMenu.cs: 8089f11c30784e2e57775dd6cdbae898 -> 7bfc83e917c9b0b5aa423bb947ce2a38
  custom:scripting/monoscript/fileName/CooldownWindowDelayer.cs: 7816cfcad485500dbac9993c4502ea69 -> 4c95e39c8dd4cfa1bca106097fdb6524
  custom:scripting/monoscript/fileName/CameraExportTest.cs: dd47890d7f204138e8a747ffbbbdaf58 -> 
  custom:scripting/monoscript/fileName/GetInstallerTmpFileName.cs: fa7bda723ac795b48e38504727f44981 -> d09e0b5c7a9af5874530e17ef23025f0
  custom:scripting/monoscript/fileName/IsCollabProjectMigratedResponse.cs: 4c3294c6a51e6f42161d191230692016 -> af2b76c693935deee55cfcaed2aa7568
  custom:scripting/monoscript/fileName/AssetModificationProcessor.cs: 84d720d70e5c24b7d0630ef5cea215ce -> a602c9e59e7db185e3a0d68d986e6fef
========================================================================
Received Import Request.
  Time since last request: 476322.447396 seconds.
  path: Assets/Prefabs/Canvas 1.prefab
  artifactKey: Guid(b3e15bbd18000d147ac4a0527ce39491) Importer(815301076,1909f56bfc062723c751e8b465ee728b)
Start importing Assets/Prefabs/Canvas 1.prefab using Guid(b3e15bbd18000d147ac4a0527ce39491) Importer(815301076,1909f56bfc062723c751e8b465ee728b)  -> (artifact id: 'ef23427901dd180b41565353d61a3469') in 0.043620 seconds
Number of updated asset objects reloaded before import = 0
Number of asset objects unloaded after import = 21
========================================================================
Received Import Request.
  Time since last request: 15.349159 seconds.
  path: Assets/Burgers Constructor/Models/Arugula Leaf.fbx
  artifactKey: Guid(733042e692b84f159faa91c4b0b11213) Importer(815301076,1909f56bfc062723c751e8b465ee728b)
Start importing Assets/Burgers Constructor/Models/Arugula Leaf.fbx using Guid(733042e692b84f159faa91c4b0b11213) Importer(815301076,1909f56bfc062723c751e8b465ee728b)  -> (artifact id: 'e7369b4628beea3672e52baf310cf797') in 0.121286 seconds
Number of updated asset objects reloaded before import = 0
Number of asset objects unloaded after import = 9
========================================================================
Received Import Request.
  Time since last request: 0.000025 seconds.
  path: Assets/Burgers Constructor/Prefab/Arugula Leaf A.prefab
  artifactKey: Guid(5bf28d2398534b50ba0e05700b044977) Importer(815301076,1909f56bfc062723c751e8b465ee728b)
Start importing Assets/Burgers Constructor/Prefab/Arugula Leaf A.prefab using Guid(5bf28d2398534b50ba0e05700b044977) Importer(815301076,1909f56bfc062723c751e8b465ee728b)  -> (artifact id: 'e705965af347cedb6bbedc15d9406dd3') in 0.049419 seconds
Number of updated asset objects reloaded before import = 0
Number of asset objects unloaded after import = 10
========================================================================
Received Import Request.
  Time since last request: 1.389854 seconds.
  path: Assets/Burgers Constructor/Prefab/Bacon Slice Small.prefab
  artifactKey: Guid(8b12f1490390483a98683190665d31cb) Importer(815301076,1909f56bfc062723c751e8b465ee728b)
Start importing Assets/Burgers Constructor/Prefab/Bacon Slice Small.prefab using Guid(8b12f1490390483a98683190665d31cb) Importer(815301076,1909f56bfc062723c751e8b465ee728b)  -> (artifact id: '1670e2ac5b08fa443238b43e23bf36fa') in 0.012473 seconds
Number of updated asset objects reloaded before import = 0
Number of asset objects unloaded after import = 10
========================================================================
Received Import Request.
  Time since last request: 0.272777 seconds.
  path: Assets/Burgers Constructor/Models/Basil Leaf.fbx
  artifactKey: Guid(1b4bfc92db2f4483bcfad8960824bf3d) Importer(815301076,1909f56bfc062723c751e8b465ee728b)
Start importing Assets/Burgers Constructor/Models/Basil Leaf.fbx using Guid(1b4bfc92db2f4483bcfad8960824bf3d) Importer(815301076,1909f56bfc062723c751e8b465ee728b)  -> (artifact id: '5d501939559896e0e2de831400c27b90') in 0.020898 seconds
Number of updated asset objects reloaded before import = 0
Number of asset objects unloaded after import = 9
========================================================================
Received Import Request.
  Time since last request: 0.035393 seconds.
  path: Assets/Burgers Constructor/Prefab/Basil Leaf Red.prefab
  artifactKey: Guid(9ca5c27b4e1b448ab4a622ab209c9446) Importer(815301076,1909f56bfc062723c751e8b465ee728b)
Start importing Assets/Burgers Constructor/Prefab/Basil Leaf Red.prefab using Guid(9ca5c27b4e1b448ab4a622ab209c9446) Importer(815301076,1909f56bfc062723c751e8b465ee728b)  -> (artifact id: 'd1581894e07f82786c5fbd1fa62bb244') in 0.012143 seconds
Number of updated asset objects reloaded before import = 0
Number of asset objects unloaded after import = 10
========================================================================
Received Import Request.
  Time since last request: 1.334806 seconds.
  path: Assets/Brick Project Studio/_BPS Basic Assets/Common/Models/BPS_Table.fbx
  artifactKey: Guid(67171e1fd1d009c43b75a962fa5556a5) Importer(815301076,1909f56bfc062723c751e8b465ee728b)
Start importing Assets/Brick Project Studio/_BPS Basic Assets/Common/Models/BPS_Table.fbx using Guid(67171e1fd1d009c43b75a962fa5556a5) Importer(815301076,1909f56bfc062723c751e8b465ee728b)  -> (artifact id: '84d0465196edf00f763db26ef4cfab24') in 0.011798 seconds
Number of updated asset objects reloaded before import = 0
Number of asset objects unloaded after import = 7
Editor requested this worker to shutdown with reason: Scaling down because of idle timeout
TcpMessagingSession - receive error: operation aborted. errorcode: 995, details: The I/O operation has been aborted because of either a thread exit or an application request.
AssetImportWorker is now disconnected from the server
Process exiting
Exiting without the bug reporter. Application will terminate with return code 0