Using pre-set license
Built from '2022.3/release' branch; Version is '2022.3.0f1 (fb119bb0b476) revision 16454043'; Using compiler version '192829333'; Build Type 'Release'
OS: 'Windows 11  (10.0.22621) 64bit Core' Language: 'en' Physical Memory: 32583 MB
BatchMode: 1, IsHumanControllingUs: 0, StartBugReporterOnCrash: 0, Is64bit: 1, IsPro: 1

COMMAND LINE ARGUMENTS:
C:\Program Files\Unity\Hub\Editor\2022.3.0f1\Editor\Unity.exe
-adb2
-batchMode
-noUpm
-name
AssetImportWorker1
-projectPath
C:/Users/HoneyXP/Documents/GitHub/McKevin/McKevin
-logFile
Logs/AssetImportWorker1.log
-srvPort
53520
Successfully changed project path to: C:/Users/HoneyXP/Documents/GitHub/McKevin/McKevin
C:/Users/HoneyXP/Documents/GitHub/McKevin/McKevin
[UnityMemory] Configuration Parameters - Can be set up in boot.config
    "memorysetup-bucket-allocator-granularity=16"
    "memorysetup-bucket-allocator-bucket-count=8"
    "memorysetup-bucket-allocator-block-size=33554432"
    "memorysetup-bucket-allocator-block-count=8"
    "memorysetup-main-allocator-block-size=16777216"
    "memorysetup-thread-allocator-block-size=16777216"
    "memorysetup-gfx-main-allocator-block-size=16777216"
    "memorysetup-gfx-thread-allocator-block-size=16777216"
    "memorysetup-cache-allocator-block-size=4194304"
    "memorysetup-typetree-allocator-block-size=2097152"
    "memorysetup-profiler-bucket-allocator-granularity=16"
    "memorysetup-profiler-bucket-allocator-bucket-count=8"
    "memorysetup-profiler-bucket-allocator-block-size=33554432"
    "memorysetup-profiler-bucket-allocator-block-count=8"
    "memorysetup-profiler-allocator-block-size=16777216"
    "memorysetup-profiler-editor-allocator-block-size=1048576"
    "memorysetup-temp-allocator-size-main=16777216"
    "memorysetup-job-temp-allocator-block-size=2097152"
    "memorysetup-job-temp-allocator-block-size-background=1048576"
    "memorysetup-job-temp-allocator-reduction-small-platforms=262144"
    "memorysetup-allocator-temp-initial-block-size-main=262144"
    "memorysetup-allocator-temp-initial-block-size-worker=262144"
    "memorysetup-temp-allocator-size-background-worker=32768"
    "memorysetup-temp-allocator-size-job-worker=262144"
    "memorysetup-temp-allocator-size-preload-manager=33554432"
    "memorysetup-temp-allocator-size-nav-mesh-worker=65536"
    "memorysetup-temp-allocator-size-audio-worker=65536"
    "memorysetup-temp-allocator-size-cloud-worker=32768"
    "memorysetup-temp-allocator-size-gi-baking-worker=262144"
    "memorysetup-temp-allocator-size-gfx=262144"
Player connection [68556] Host "[IP] 10.0.0.79 [Port] 0 [Flags] 2 [Guid] 451727446 [EditorId] 451727446 [Version] 1048832 [Id] WindowsEditor(7,MSI) [Debug] 1 [PackageName] WindowsEditor [ProjectName] Editor" joined multi-casting on [225.0.0.222:54997]...

Player connection [68556] Host "[IP] 10.0.0.79 [Port] 0 [Flags] 2 [Guid] 451727446 [EditorId] 451727446 [Version] 1048832 [Id] WindowsEditor(7,MSI) [Debug] 1 [PackageName] WindowsEditor [ProjectName] Editor" joined alternative multi-casting on [225.0.0.222:34997]...

Refreshing native plugins compatible for Editor in 8.75 ms, found 3 plugins.
Preloading 0 native plugins for Editor in 0.00 ms.
Initialize engine version: 2022.3.0f1 (fb119bb0b476)
[Subsystems] Discovering subsystems at path C:/Program Files/Unity/Hub/Editor/2022.3.0f1/Editor/Data/Resources/UnitySubsystems
[Subsystems] Discovering subsystems at path C:/Users/HoneyXP/Documents/GitHub/McKevin/McKevin/Assets
GfxDevice: creating device client; threaded=0; jobified=0
Direct3D:
    Version:  Direct3D 11.0 [level 11.1]
    Renderer: NVIDIA GeForce RTX 2070 Super (ID=0x1e91)
    Vendor:   NVIDIA
    VRAM:     8003 MB
    Driver:   31.0.15.2892
Initialize mono
Mono path[0] = 'C:/Program Files/Unity/Hub/Editor/2022.3.0f1/Editor/Data/Managed'
Mono path[1] = 'C:/Program Files/Unity/Hub/Editor/2022.3.0f1/Editor/Data/MonoBleedingEdge/lib/mono/unityjit-win32'
Mono config path = 'C:/Program Files/Unity/Hub/Editor/2022.3.0f1/Editor/Data/MonoBleedingEdge/etc'
Using monoOptions --debugger-agent=transport=dt_socket,embedding=1,server=y,suspend=n,address=127.0.0.1:56864
Begin MonoManager ReloadAssembly
Registering precompiled unity dll's ...
Register platform support module: C:/Program Files/Unity/Hub/Editor/2022.3.0f1/Editor/Data/PlaybackEngines/WebGLSupport/UnityEditor.WebGL.Extensions.dll
Register platform support module: C:/Program Files/Unity/Hub/Editor/2022.3.0f1/Editor/Data/PlaybackEngines/WindowsStandaloneSupport/UnityEditor.WindowsStandalone.Extensions.dll
Registered in 0.010994 seconds.
- Loaded All Assemblies, in  0.429 seconds
Native extension for WindowsStandalone target not found
Native extension for WebGL target not found
Mono: successfully reloaded assembly
- Finished resetting the current domain, in  0.328 seconds
Domain Reload Profiling: 756ms
	BeginReloadAssembly (98ms)
		ExecutionOrderSort (0ms)
		DisableScriptedObjects (0ms)
		BackupInstance (0ms)
		ReleaseScriptingObjects (0ms)
		CreateAndSetChildDomain (1ms)
	RebuildCommonClasses (47ms)
	RebuildNativeTypeToScriptingClass (14ms)
	initialDomainReloadingComplete (80ms)
	LoadAllAssembliesAndSetupDomain (188ms)
		LoadAssemblies (97ms)
		RebuildTransferFunctionScriptingTraits (0ms)
		AnalyzeDomain (180ms)
			TypeCache.Refresh (179ms)
				TypeCache.ScanAssembly (166ms)
			ScanForSourceGeneratedMonoScriptInfo (0ms)
			ResolveRequiredComponents (0ms)
	FinalizeReload (329ms)
		ReleaseScriptCaches (0ms)
		RebuildScriptCaches (0ms)
		SetupLoadedEditorAssemblies (253ms)
			LogAssemblyErrors (0ms)
			InitializePlatformSupportModulesInManaged (14ms)
			SetLoadedEditorAssemblies (7ms)
			RefreshPlugins (0ms)
			BeforeProcessingInitializeOnLoad (3ms)
			ProcessInitializeOnLoadAttributes (166ms)
			ProcessInitializeOnLoadMethodAttributes (63ms)
			AfterProcessingInitializeOnLoad (0ms)
			EditorAssembliesLoaded (0ms)
		ExecutionOrderSort2 (0ms)
		AwakeInstancesAfterBackupRestoration (0ms)
========================================================================
Worker process is ready to serve import requests
Begin MonoManager ReloadAssembly
Symbol file LoadedFromMemory doesn't match image C:\Users\HoneyXP\Documents\GitHub\McKevin\McKevin\Library\PackageCache\com.unity.visualscripting@1.8.0\Editor\VisualScripting.Core\Dependencies\YamlDotNet\Unity.VisualScripting.YamlDotNet.dll
Symbol file LoadedFromMemory doesn't match image C:\Users\HoneyXP\Documents\GitHub\McKevin\McKevin\Library\PackageCache\com.unity.visualscripting@1.8.0\Editor\VisualScripting.Core\Dependencies\DotNetZip\Unity.VisualScripting.IonicZip.dll
- Loaded All Assemblies, in  0.800 seconds
Refreshing native plugins compatible for Editor in 3.36 ms, found 3 plugins.
Native extension for WindowsStandalone target not found
Native extension for WebGL target not found
Mono: successfully reloaded assembly
- Finished resetting the current domain, in  0.635 seconds
Domain Reload Profiling: 1432ms
	BeginReloadAssembly (153ms)
		ExecutionOrderSort (0ms)
		DisableScriptedObjects (6ms)
		BackupInstance (0ms)
		ReleaseScriptingObjects (0ms)
		CreateAndSetChildDomain (22ms)
	RebuildCommonClasses (33ms)
	RebuildNativeTypeToScriptingClass (11ms)
	initialDomainReloadingComplete (46ms)
	LoadAllAssembliesAndSetupDomain (554ms)
		LoadAssemblies (294ms)
		RebuildTransferFunctionScriptingTraits (0ms)
		AnalyzeDomain (331ms)
			TypeCache.Refresh (311ms)
				TypeCache.ScanAssembly (298ms)
			ScanForSourceGeneratedMonoScriptInfo (16ms)
			ResolveRequiredComponents (4ms)
	FinalizeReload (636ms)
		ReleaseScriptCaches (0ms)
		RebuildScriptCaches (0ms)
		SetupLoadedEditorAssemblies (467ms)
			LogAssemblyErrors (0ms)
			InitializePlatformSupportModulesInManaged (8ms)
			SetLoadedEditorAssemblies (6ms)
			RefreshPlugins (0ms)
			BeforeProcessingInitializeOnLoad (108ms)
			ProcessInitializeOnLoadAttributes (314ms)
			ProcessInitializeOnLoadMethodAttributes (23ms)
			AfterProcessingInitializeOnLoad (8ms)
			EditorAssembliesLoaded (0ms)
		ExecutionOrderSort2 (0ms)
		AwakeInstancesAfterBackupRestoration (8ms)
Launched and connected shader compiler UnityShaderCompiler.exe after 0.05 seconds
Refreshing native plugins compatible for Editor in 3.14 ms, found 3 plugins.
Preloading 0 native plugins for Editor in 0.00 ms.
Unloading 3238 Unused Serialized files (Serialized files now loaded: 0)
Unloading 44 unused Assets / (1.3 MB). Loaded Objects now: 3690.
Memory consumption went from 131.1 MB to 129.8 MB.
Total: 3.222700 ms (FindLiveObjects: 0.265000 ms CreateObjectMapping: 0.295200 ms MarkObjects: 2.412300 ms  DeleteObjects: 0.249100 ms)

AssetImportParameters requested are different than current active one (requested -> active):
  custom:container-demuxer-ogg: 62fdf1f143b41e24485cea50d1cbac27 -> 
  custom:video-decoder-ogg-theora: a1e56fd34408186e4bbccfd4996cb3dc -> 
  custom:framework-win-MediaFoundation: 216162199b28c13a410421893ffa2e32 -> 
  custom:container-demuxer-webm: 4f35f7cbe854078d1ac9338744f61a02 -> 
  custom:container-muxer-webm: aa71ff27fc2769a1b78a27578f13a17b -> 
  custom:video-decoder-webm-vp8: 9c59270c3fd7afecdb556c50c9e8de78 -> 
  custom:AudioImporter_EditorPlatform: d09bf68614088b80899f8185d706f6e7 -> 
  custom:video-encoder-webm-vp8: eb34c28f22e8b96e1ab97ce403110664 -> 
  custom:audio-decoder-ogg-vorbis: bf7c407c2cedff20999df2af8eb42d56 -> 
  custom:audio-encoder-webm-vorbis: bf7c407c2cedff20999df2af8eb42d56 -> 
========================================================================
Received Import Request.
  Time since last request: 464992.644714 seconds.
  path: Assets/Brick Project Studio/Fast Food Restaurant Kit/_Prefabs/Furniture/Tables/FFK_Table_10_01.prefab
  artifactKey: Guid(748206b601da6044f8e3201f0106db7d) Importer(815301076,1909f56bfc062723c751e8b465ee728b)
Start importing Assets/Brick Project Studio/Fast Food Restaurant Kit/_Prefabs/Furniture/Tables/FFK_Table_10_01.prefab using Guid(748206b601da6044f8e3201f0106db7d) Importer(815301076,1909f56bfc062723c751e8b465ee728b)  -> (artifact id: '905de9cfd8979bbf265511f54fab00c0') in 0.816239 seconds
Number of updated asset objects reloaded before import = 0
Number of asset objects unloaded after import = 40
========================================================================
Received Import Request.
  Time since last request: 0.000031 seconds.
  path: Assets/Brick Project Studio/Fast Food Restaurant Kit/_Prefabs/Furniture/Tables/FFK_Table_03_01.prefab
  artifactKey: Guid(fefcb4654550a5647a78b1ef345db793) Importer(815301076,1909f56bfc062723c751e8b465ee728b)
Start importing Assets/Brick Project Studio/Fast Food Restaurant Kit/_Prefabs/Furniture/Tables/FFK_Table_03_01.prefab using Guid(fefcb4654550a5647a78b1ef345db793) Importer(815301076,1909f56bfc062723c751e8b465ee728b)  -> (artifact id: '8797e052216b2b91a64122e4385f644f') in 0.016536 seconds
Number of updated asset objects reloaded before import = 0
Number of asset objects unloaded after import = 20
========================================================================
Received Import Request.
  Time since last request: 87.480895 seconds.
  path: Assets/Prefabs/Bacon.prefab
  artifactKey: Guid(66dd43ca1edd2f9469b797ee7af9c95e) Importer(815301076,1909f56bfc062723c751e8b465ee728b)
Start importing Assets/Prefabs/Bacon.prefab using Guid(66dd43ca1edd2f9469b797ee7af9c95e) Importer(815301076,1909f56bfc062723c751e8b465ee728b)  -> (artifact id: 'd52cfdc65ca0825d3f7c4b53e56ce80d') in 0.003980 seconds
Number of updated asset objects reloaded before import = 0
Number of asset objects unloaded after import = 13
========================================================================
Received Import Request.
  Time since last request: 0.011534 seconds.
  path: Assets/Prefabs/BottomBun C.prefab
  artifactKey: Guid(af606b621d5b2a34688e5f7b08151f15) Importer(815301076,1909f56bfc062723c751e8b465ee728b)
Start importing Assets/Prefabs/BottomBun C.prefab using Guid(af606b621d5b2a34688e5f7b08151f15) Importer(815301076,1909f56bfc062723c751e8b465ee728b)  -> (artifact id: '60ef65d85f08f2a43cf8ad4c606d0254') in 0.136313 seconds
Number of updated asset objects reloaded before import = 0
Number of asset objects unloaded after import = 11
========================================================================
Received Import Request.
  Time since last request: 0.000015 seconds.
  path: Assets/Prefabs/catbasic2.fbx
  artifactKey: Guid(5dda6df239604a94197e6bf0778bd976) Importer(815301076,1909f56bfc062723c751e8b465ee728b)
Start importing Assets/Prefabs/catbasic2.fbx using Guid(5dda6df239604a94197e6bf0778bd976) Importer(815301076,1909f56bfc062723c751e8b465ee728b)  -> (artifact id: '923b373212f9f24f84b25839416bc76d') in 0.315585 seconds
Number of updated asset objects reloaded before import = 0
Number of asset objects unloaded after import = 74
========================================================================
Received Import Request.
  Time since last request: 0.000029 seconds.
  path: Assets/Prefabs/Burger Bread D 1.prefab
  artifactKey: Guid(61e2fdf1ceb01f24691491b7903ae95e) Importer(815301076,1909f56bfc062723c751e8b465ee728b)
Start importing Assets/Prefabs/Burger Bread D 1.prefab using Guid(61e2fdf1ceb01f24691491b7903ae95e) Importer(815301076,1909f56bfc062723c751e8b465ee728b)  -> (artifact id: '4cf8a5465245efd785692ed62ec64207') in 0.021941 seconds
Number of updated asset objects reloaded before import = 0
Number of asset objects unloaded after import = 15
========================================================================
Received Import Request.
  Time since last request: 0.000017 seconds.
  path: Assets/Prefabs/Button Color.mat
  artifactKey: Guid(b1e8975c255e8ab4a8ce3084d4ba196e) Importer(815301076,1909f56bfc062723c751e8b465ee728b)
Start importing Assets/Prefabs/Button Color.mat using Guid(b1e8975c255e8ab4a8ce3084d4ba196e) Importer(815301076,1909f56bfc062723c751e8b465ee728b)  -> (artifact id: 'ef0110649a63972cb45fc555e4ae6cdc') in 0.007902 seconds
Number of updated asset objects reloaded before import = 0
Number of asset objects unloaded after import = 1
========================================================================
Received Import Request.
  Time since last request: 0.000019 seconds.
  path: Assets/Prefabs/catbasicMoney Variant.prefab
  artifactKey: Guid(b435d8b366d92a9488b884ee14afcaca) Importer(815301076,1909f56bfc062723c751e8b465ee728b)
Start importing Assets/Prefabs/catbasicMoney Variant.prefab using Guid(b435d8b366d92a9488b884ee14afcaca) Importer(815301076,1909f56bfc062723c751e8b465ee728b)  -> (artifact id: '62860927f12ab5f7d5f26ccfed6ecd62') in 0.000974 seconds
Number of updated asset objects reloaded before import = 0
Number of asset objects unloaded after import = 1
========================================================================
Received Import Request.
  Time since last request: 0.000023 seconds.
  path: Assets/Prefabs/Mrs.K color.mat
  artifactKey: Guid(8db0ca6040ca68046ab6d983db7e311e) Importer(815301076,1909f56bfc062723c751e8b465ee728b)
Start importing Assets/Prefabs/Mrs.K color.mat using Guid(8db0ca6040ca68046ab6d983db7e311e) Importer(815301076,1909f56bfc062723c751e8b465ee728b)  -> (artifact id: '810b2455bb823da585dce253e6dc9ef8') in 0.007709 seconds
Number of updated asset objects reloaded before import = 0
Number of asset objects unloaded after import = 1
========================================================================
Received Import Request.
  Time since last request: 0.000012 seconds.
  path: Assets/Prefabs/Canvas 1.prefab
  artifactKey: Guid(b3e15bbd18000d147ac4a0527ce39491) Importer(815301076,1909f56bfc062723c751e8b465ee728b)
Start importing Assets/Prefabs/Canvas 1.prefab using Guid(b3e15bbd18000d147ac4a0527ce39491) Importer(815301076,1909f56bfc062723c751e8b465ee728b)  -> (artifact id: '210d9b91e7c498df9ca43c6809129fbc') in 0.009577 seconds
Number of updated asset objects reloaded before import = 0
Number of asset objects unloaded after import = 21
========================================================================
Received Import Request.
  Time since last request: 0.000013 seconds.
  path: Assets/Prefabs/Patty.prefab
  artifactKey: Guid(2ab305cef4151a746be1c491c2fb00b0) Importer(815301076,1909f56bfc062723c751e8b465ee728b)
Start importing Assets/Prefabs/Patty.prefab using Guid(2ab305cef4151a746be1c491c2fb00b0) Importer(815301076,1909f56bfc062723c751e8b465ee728b)  -> (artifact id: '5ae2c81a7121cf4c2d73482658d08cb6') in 0.009573 seconds
Number of updated asset objects reloaded before import = 0
Number of asset objects unloaded after import = 13
========================================================================
Received Import Request.
  Time since last request: 0.000017 seconds.
  path: Assets/Prefabs/Kevin Color.mat
  artifactKey: Guid(55f59f109c6ed2e42a9e78375a7f0b62) Importer(815301076,1909f56bfc062723c751e8b465ee728b)
Start importing Assets/Prefabs/Kevin Color.mat using Guid(55f59f109c6ed2e42a9e78375a7f0b62) Importer(815301076,1909f56bfc062723c751e8b465ee728b)  -> (artifact id: '80cf62535c2a555901db269a9474ab2c') in 0.006392 seconds
Number of updated asset objects reloaded before import = 0
Number of asset objects unloaded after import = 1
========================================================================
Received Import Request.
  Time since last request: 0.000017 seconds.
  path: Assets/Prefabs/Big Nuggets_01_Empty Variant.prefab
  artifactKey: Guid(0cc6a022fb30bcd4286c75f0bdcec740) Importer(815301076,1909f56bfc062723c751e8b465ee728b)
Start importing Assets/Prefabs/Big Nuggets_01_Empty Variant.prefab using Guid(0cc6a022fb30bcd4286c75f0bdcec740) Importer(815301076,1909f56bfc062723c751e8b465ee728b)  -> (artifact id: 'c802727b907fd3000128411c22380cbc') in 0.038917 seconds
Number of updated asset objects reloaded before import = 0
Number of asset objects unloaded after import = 17
========================================================================
Received Import Request.
  Time since last request: 0.000017 seconds.
  path: Assets/Prefabs/Tray_01.prefab
  artifactKey: Guid(78cb5ee912006e74b9896397367cb6ae) Importer(815301076,1909f56bfc062723c751e8b465ee728b)
Start importing Assets/Prefabs/Tray_01.prefab using Guid(78cb5ee912006e74b9896397367cb6ae) Importer(815301076,1909f56bfc062723c751e8b465ee728b)  -> (artifact id: '6929ed49e448e9dfaf2647696b6b57c9') in 0.118462 seconds
Number of updated asset objects reloaded before import = 0
Number of asset objects unloaded after import = 140
========================================================================
Received Import Request.
  Time since last request: 0.000020 seconds.
  path: Assets/Prefabs/Fire.prefab
  artifactKey: Guid(a8c8a5274834fbf4cafda27f75a2e772) Importer(815301076,1909f56bfc062723c751e8b465ee728b)
Start importing Assets/Prefabs/Fire.prefab using Guid(a8c8a5274834fbf4cafda27f75a2e772) Importer(815301076,1909f56bfc062723c751e8b465ee728b)  -> (artifact id: '94f9362105ea394271ca2a59d501bed5') in 0.008425 seconds
Number of updated asset objects reloaded before import = 0
Number of asset objects unloaded after import = 18
========================================================================
Received Import Request.
  Time since last request: 0.000022 seconds.
  path: Assets/Prefabs/Cheese D.prefab
  artifactKey: Guid(632e43d5c3ab8824892743564dbb7768) Importer(815301076,1909f56bfc062723c751e8b465ee728b)
Start importing Assets/Prefabs/Cheese D.prefab using Guid(632e43d5c3ab8824892743564dbb7768) Importer(815301076,1909f56bfc062723c751e8b465ee728b)  -> (artifact id: '3c5cf4119c863d8092d5a74ca82c2576') in 0.009912 seconds
Number of updated asset objects reloaded before import = 0
Number of asset objects unloaded after import = 15
Editor requested this worker to shutdown with reason: Scaling down because of idle timeout
TcpMessagingSession - receive error: operation aborted. errorcode: 995, details: The I/O operation has been aborted because of either a thread exit or an application request.
AssetImportWorker is now disconnected from the server
Process exiting
Exiting without the bug reporter. Application will terminate with return code 0